SF:/Users/georgepatterson/projects/georgeleepatterson/qdrant-datafusion/src/arrow/deserialize.rs
FN:74,_RNvMNtNtCs7ZBrOYrjqFP_17qdrant_datafusion5arrow11deserializeNtB2_6Vector18from_vector_output
FN:211,_RNvMs0_NtNtCs7ZBrOYrjqFP_17qdrant_datafusion5arrow11deserializeNtB5_24QdrantRecordBatchBuilder12append_point
FN:199,_RNvMs0_NtNtCs7ZBrOYrjqFP_17qdrant_datafusion5arrow11deserializeNtB5_24QdrantRecordBatchBuilder3new
FN:293,_RNvMs0_NtNtCs7ZBrOYrjqFP_17qdrant_datafusion5arrow11deserializeNtB5_24QdrantRecordBatchBuilder6finish
FN:124,_RNvMs_NtNtCs7ZBrOYrjqFP_17qdrant_datafusion5arrow11deserializeNtB4_14FieldExtractor17from_schema_field
FN:316,_RNvNtNtCs7ZBrOYrjqFP_17qdrant_datafusion5arrow11deserialize19build_vector_lookup
FN:41,_RNvNtNtCs7ZBrOYrjqFP_17qdrant_datafusion5arrow11deserialize23convert_to_multi_vector
FN:204,_RNCNvMs0_NtNtCs7ZBrOYrjqFP_17qdrant_datafusion5arrow11deserializeNtB7_24QdrantRecordBatchBuilder3new0Bb_
FN:311,_RNCNvMs0_NtNtCs7ZBrOYrjqFP_17qdrant_datafusion5arrow11deserializeNtB7_24QdrantRecordBatchBuilder6finish0Bb_
FN:204,_RNCNvMs0_NtNtCsfB4bCpaJH6a_17qdrant_datafusion5arrow11deserializeNtB7_24QdrantRecordBatchBuilder3new0Bb_
FN:311,_RNCNvMs0_NtNtCsfB4bCpaJH6a_17qdrant_datafusion5arrow11deserializeNtB7_24QdrantRecordBatchBuilder6finish0Bb_
FN:211,_RNvMs0_NtNtCsfB4bCpaJH6a_17qdrant_datafusion5arrow11deserializeNtB5_24QdrantRecordBatchBuilder12append_point
FN:199,_RNvMs0_NtNtCsfB4bCpaJH6a_17qdrant_datafusion5arrow11deserializeNtB5_24QdrantRecordBatchBuilder3new
FN:293,_RNvMs0_NtNtCsfB4bCpaJH6a_17qdrant_datafusion5arrow11deserializeNtB5_24QdrantRecordBatchBuilder6finish
FN:124,_RNvMs_NtNtCsfB4bCpaJH6a_17qdrant_datafusion5arrow11deserializeNtB4_14FieldExtractor17from_schema_field
FN:316,_RNvNtNtCsfB4bCpaJH6a_17qdrant_datafusion5arrow11deserialize19build_vector_lookup
FN:74,_RNvMNtNtCsfB4bCpaJH6a_17qdrant_datafusion5arrow11deserializeNtB2_6Vector18from_vector_output
FN:41,_RNvNtNtCsfB4bCpaJH6a_17qdrant_datafusion5arrow11deserialize23convert_to_multi_vector
FN:365,_RNvNtNtNtCsfB4bCpaJH6a_17qdrant_datafusion5arrow11deserialize5testss_27test_vector_from_new_format
FN:347,_RNvNtNtNtCsfB4bCpaJH6a_17qdrant_datafusion5arrow11deserialize5testss_34test_convert_to_multi_vector_error
FNDA:33,_RNvMNtNtCs7ZBrOYrjqFP_17qdrant_datafusion5arrow11deserializeNtB2_6Vector18from_vector_output
FNDA:50,_RNvMs0_NtNtCs7ZBrOYrjqFP_17qdrant_datafusion5arrow11deserializeNtB5_24QdrantRecordBatchBuilder12append_point
FNDA:19,_RNvMs0_NtNtCs7ZBrOYrjqFP_17qdrant_datafusion5arrow11deserializeNtB5_24QdrantRecordBatchBuilder3new
FNDA:19,_RNvMs0_NtNtCs7ZBrOYrjqFP_17qdrant_datafusion5arrow11deserializeNtB5_24QdrantRecordBatchBuilder6finish
FNDA:38,_RNvMs_NtNtCs7ZBrOYrjqFP_17qdrant_datafusion5arrow11deserializeNtB4_14FieldExtractor17from_schema_field
FNDA:50,_RNvNtNtCs7ZBrOYrjqFP_17qdrant_datafusion5arrow11deserialize19build_vector_lookup
FNDA:1,_RNvNtNtCs7ZBrOYrjqFP_17qdrant_datafusion5arrow11deserialize23convert_to_multi_vector
FNDA:38,_RNCNvMs0_NtNtCs7ZBrOYrjqFP_17qdrant_datafusion5arrow11deserializeNtB7_24QdrantRecordBatchBuilder3new0Bb_
FNDA:0,_RNCNvMs0_NtNtCs7ZBrOYrjqFP_17qdrant_datafusion5arrow11deserializeNtB7_24QdrantRecordBatchBuilder6finish0Bb_
FNDA:0,_RNCNvMs0_NtNtCsfB4bCpaJH6a_17qdrant_datafusion5arrow11deserializeNtB7_24QdrantRecordBatchBuilder3new0Bb_
FNDA:0,_RNCNvMs0_NtNtCsfB4bCpaJH6a_17qdrant_datafusion5arrow11deserializeNtB7_24QdrantRecordBatchBuilder6finish0Bb_
FNDA:0,_RNvMs0_NtNtCsfB4bCpaJH6a_17qdrant_datafusion5arrow11deserializeNtB5_24QdrantRecordBatchBuilder12append_point
FNDA:0,_RNvMs0_NtNtCsfB4bCpaJH6a_17qdrant_datafusion5arrow11deserializeNtB5_24QdrantRecordBatchBuilder3new
FNDA:0,_RNvMs0_NtNtCsfB4bCpaJH6a_17qdrant_datafusion5arrow11deserializeNtB5_24QdrantRecordBatchBuilder6finish
FNDA:0,_RNvMs_NtNtCsfB4bCpaJH6a_17qdrant_datafusion5arrow11deserializeNtB4_14FieldExtractor17from_schema_field
FNDA:0,_RNvNtNtCsfB4bCpaJH6a_17qdrant_datafusion5arrow11deserialize19build_vector_lookup
FNDA:3,_RNvMNtNtCsfB4bCpaJH6a_17qdrant_datafusion5arrow11deserializeNtB2_6Vector18from_vector_output
FNDA:1,_RNvNtNtCsfB4bCpaJH6a_17qdrant_datafusion5arrow11deserialize23convert_to_multi_vector
FNDA:1,_RNvNtNtNtCsfB4bCpaJH6a_17qdrant_datafusion5arrow11deserialize5testss_27test_vector_from_new_format
FNDA:1,_RNvNtNtNtCsfB4bCpaJH6a_17qdrant_datafusion5arrow11deserialize5testss_34test_convert_to_multi_vector_error
FNF:11
FNH:10
DA:41,2
DA:42,2
DA:43,2
DA:44,2
DA:45,2
DA:46,1
DA:47,1
DA:48,1
DA:49,1
DA:50,1
DA:51,1
DA:52,1
DA:53,1
DA:54,1
DA:56,1
DA:57,1
DA:58,2
DA:74,36
DA:76,36
DA:77,3
DA:78,1
DA:79,1
DA:80,1
DA:81,1
DA:84,33
DA:87,33
DA:88,1
DA:91,1
DA:92,32
DA:95,32
DA:96,9
DA:97,9
DA:98,9
DA:99,9
DA:100,23
DA:103,23
DA:104,0
DA:105,23
DA:108,23
DA:109,36
DA:124,38
DA:125,38
DA:126,38
DA:127,26
DA:128,19
DA:129,3
DA:130,3
DA:131,3
DA:132,16
DA:133,2
DA:134,2
DA:135,2
DA:136,14
DA:137,1
DA:138,1
DA:139,1
DA:140,1
DA:141,1
DA:142,1
DA:143,13
DA:144,13
DA:145,13
DA:146,13
DA:148,38
DA:199,19
DA:201,19
DA:202,19
DA:203,19
DA:204,38
DA:205,19
DA:207,19
DA:208,19
DA:211,50
DA:213,50
DA:216,50
DA:219,155
DA:220,105
DA:221,29
DA:222,29
DA:223,29
DA:224,29
DA:225,29
DA:226,29
DA:227,0
DA:228,0
DA:230,0
DA:231,0
DA:232,0
DA:235,20
DA:236,20
DA:237,20
DA:238,20
DA:239,20
DA:240,20
DA:241,0
DA:242,0
DA:245,38
DA:246,38
DA:247,23
DA:248,23
DA:249,23
DA:250,15
DA:251,15
DA:254,3
DA:255,3
DA:256,3
DA:257,2
DA:258,2
DA:259,2
DA:260,1
DA:261,2
DA:262,2
DA:263,2
DA:266,9
DA:267,9
DA:268,9
DA:269,9
DA:270,9
DA:271,9
DA:272,0
DA:273,0
DA:276,6
DA:277,6
DA:278,6
DA:279,6
DA:280,6
DA:281,6
DA:282,0
DA:283,0
DA:287,50
DA:293,19
DA:294,19
DA:297,57
DA:298,38
DA:299,12
DA:300,19
DA:302,13
DA:303,15
DA:304,1
DA:305,3
DA:307,38
DA:310,19
DA:311,19
DA:312,19
DA:316,50
DA:317,50
DA:319,50
DA:320,29
DA:321,11
DA:323,11
DA:324,11
DA:325,11
DA:327,18
DA:329,40
DA:330,22
DA:331,22
DA:332,22
DA:335,0
DA:337,21
DA:339,50
DA:340,50
DA:347,1
DA:349,1
DA:350,1
DA:352,1
DA:354,1
DA:355,1
DA:356,1
DA:357,1
DA:358,1
DA:360,0
DA:362,1
DA:365,1
DA:369,1
DA:370,1
DA:371,1
DA:372,1
DA:373,1
DA:374,1
DA:375,1
DA:376,1
DA:378,1
DA:379,1
DA:380,1
DA:382,0
DA:386,1
DA:387,1
DA:388,1
DA:389,1
DA:390,1
DA:391,1
DA:392,1
DA:393,1
DA:394,1
DA:396,1
DA:397,1
DA:398,1
DA:399,1
DA:401,0
DA:405,1
DA:406,1
DA:407,1
DA:408,1
DA:409,1
DA:410,1
DA:411,1
DA:412,1
DA:413,1
DA:414,1
DA:416,1
DA:417,1
DA:418,1
DA:420,0
DA:422,1
BRF:0
BRH:0
LF:216
LH:190
end_of_record
SF:/Users/georgepatterson/projects/georgeleepatterson/qdrant-datafusion/src/arrow/schema.rs
FN:72,_RNCNvNtNtCs7ZBrOYrjqFP_17qdrant_datafusion5arrow6schema26collection_to_arrow_schema0B7_
FN:84,_RNCNvNtNtCs7ZBrOYrjqFP_17qdrant_datafusion5arrow6schema26collection_to_arrow_schemas_0B7_
FN:18,_RNvNtNtCs7ZBrOYrjqFP_17qdrant_datafusion5arrow6schema17datatype_to_arrow
FN:30,_RNvNtNtCs7ZBrOYrjqFP_17qdrant_datafusion5arrow6schema19create_vector_field
FN:10,_RNvNtNtCs7ZBrOYrjqFP_17qdrant_datafusion5arrow6schema21is_multi_vector_field
FN:35,_RNvNtNtCs7ZBrOYrjqFP_17qdrant_datafusion5arrow6schema25create_vector_param_field
FN:59,_RNvNtNtCs7ZBrOYrjqFP_17qdrant_datafusion5arrow6schema26collection_to_arrow_schema
FN:72,_RNCNvNtNtCsfB4bCpaJH6a_17qdrant_datafusion5arrow6schema26collection_to_arrow_schema0B7_
FN:84,_RNCNvNtNtCsfB4bCpaJH6a_17qdrant_datafusion5arrow6schema26collection_to_arrow_schemas_0B7_
FN:18,_RNvNtNtCsfB4bCpaJH6a_17qdrant_datafusion5arrow6schema17datatype_to_arrow
FN:30,_RNvNtNtCsfB4bCpaJH6a_17qdrant_datafusion5arrow6schema19create_vector_field
FN:10,_RNvNtNtCsfB4bCpaJH6a_17qdrant_datafusion5arrow6schema21is_multi_vector_field
FN:35,_RNvNtNtCsfB4bCpaJH6a_17qdrant_datafusion5arrow6schema25create_vector_param_field
FN:59,_RNvNtNtCsfB4bCpaJH6a_17qdrant_datafusion5arrow6schema26collection_to_arrow_schema
FNDA:5,_RNCNvNtNtCs7ZBrOYrjqFP_17qdrant_datafusion5arrow6schema26collection_to_arrow_schema0B7_
FNDA:7,_RNCNvNtNtCs7ZBrOYrjqFP_17qdrant_datafusion5arrow6schema26collection_to_arrow_schemas_0B7_
FNDA:10,_RNvNtNtCs7ZBrOYrjqFP_17qdrant_datafusion5arrow6schema17datatype_to_arrow
FNDA:10,_RNvNtNtCs7ZBrOYrjqFP_17qdrant_datafusion5arrow6schema19create_vector_field
FNDA:14,_RNvNtNtCs7ZBrOYrjqFP_17qdrant_datafusion5arrow6schema21is_multi_vector_field
FNDA:9,_RNvNtNtCs7ZBrOYrjqFP_17qdrant_datafusion5arrow6schema25create_vector_param_field
FNDA:5,_RNvNtNtCs7ZBrOYrjqFP_17qdrant_datafusion5arrow6schema26collection_to_arrow_schema
FNDA:0,_RNCNvNtNtCsfB4bCpaJH6a_17qdrant_datafusion5arrow6schema26collection_to_arrow_schema0B7_
FNDA:0,_RNCNvNtNtCsfB4bCpaJH6a_17qdrant_datafusion5arrow6schema26collection_to_arrow_schemas_0B7_
FNDA:0,_RNvNtNtCsfB4bCpaJH6a_17qdrant_datafusion5arrow6schema17datatype_to_arrow
FNDA:0,_RNvNtNtCsfB4bCpaJH6a_17qdrant_datafusion5arrow6schema19create_vector_field
FNDA:0,_RNvNtNtCsfB4bCpaJH6a_17qdrant_datafusion5arrow6schema21is_multi_vector_field
FNDA:0,_RNvNtNtCsfB4bCpaJH6a_17qdrant_datafusion5arrow6schema25create_vector_param_field
FNDA:0,_RNvNtNtCsfB4bCpaJH6a_17qdrant_datafusion5arrow6schema26collection_to_arrow_schema
FNF:7
FNH:7
DA:10,14
DA:11,1
DA:12,14
DA:13,14
DA:15,14
DA:18,10
DA:21,10
DA:27,10
DA:30,10
DA:31,10
DA:32,10
DA:35,9
DA:36,9
DA:37,1
DA:38,1
DA:39,1
DA:40,1
DA:41,1
DA:42,1
DA:43,1
DA:47,8
DA:48,8
DA:49,8
DA:53,9
DA:59,5
DA:60,5
DA:62,5
DA:64,5
DA:68,5
DA:69,5
DA:72,5
DA:73,5
DA:74,2
DA:75,2
DA:76,2
DA:77,2
DA:78,3
DA:80,3
DA:81,3
DA:82,3
DA:83,3
DA:84,7
DA:88,0
DA:91,5
DA:93,1
DA:94,1
DA:95,1
DA:96,1
DA:97,1
DA:98,1
DA:99,1
DA:100,1
DA:101,1
DA:102,1
DA:103,1
DA:104,1
DA:105,1
DA:106,1
DA:107,4
DA:109,5
DA:110,5
BRF:0
BRH:0
LF:63
LH:62
end_of_record
SF:/Users/georgepatterson/projects/georgeleepatterson/qdrant-datafusion/src/builder.rs
FN:151,_RNCNCNvMNtCs7ZBrOYrjqFP_17qdrant_datafusion7builderNtB6_18QdrantQueryBuilder7execute00B8_
FN:162,_RNCNvMNtCs7ZBrOYrjqFP_17qdrant_datafusion7builderNtB4_18QdrantQueryBuilder23schema_has_vector_field0B6_
FN:118,_RNCNvMNtCs7ZBrOYrjqFP_17qdrant_datafusion7builderNtB4_18QdrantQueryBuilder7execute0B6_
FN:106,_RNvMNtCs7ZBrOYrjqFP_17qdrant_datafusion7builderNtB2_18QdrantQueryBuilder10with_limit
FN:99,_RNvMNtCs7ZBrOYrjqFP_17qdrant_datafusion7builderNtB2_18QdrantQueryBuilder12with_payload
FN:72,_RNvMNtCs7ZBrOYrjqFP_17qdrant_datafusion7builderNtB2_18QdrantQueryBuilder12with_vectors
FN:92,_RNvMNtCs7ZBrOYrjqFP_17qdrant_datafusion7builderNtB2_18QdrantQueryBuilder20with_payload_filters
FN:155,_RNvMNtCs7ZBrOYrjqFP_17qdrant_datafusion7builderNtB2_18QdrantQueryBuilder23schema_has_vector_field
FN:56,_RNvMNtCs7ZBrOYrjqFP_17qdrant_datafusion7builderNtB2_18QdrantQueryBuilder3new
FN:118,_RNvMNtCs7ZBrOYrjqFP_17qdrant_datafusion7builderNtB2_18QdrantQueryBuilder7execute
FN:151,_RNCNCNvMNtCsfB4bCpaJH6a_17qdrant_datafusion7builderNtB6_18QdrantQueryBuilder7execute00B8_
FN:162,_RNCNvMNtCsfB4bCpaJH6a_17qdrant_datafusion7builderNtB4_18QdrantQueryBuilder23schema_has_vector_field0B6_
FN:118,_RNCNvMNtCsfB4bCpaJH6a_17qdrant_datafusion7builderNtB4_18QdrantQueryBuilder7execute0B6_
FN:106,_RNvMNtCsfB4bCpaJH6a_17qdrant_datafusion7builderNtB2_18QdrantQueryBuilder10with_limit
FN:99,_RNvMNtCsfB4bCpaJH6a_17qdrant_datafusion7builderNtB2_18QdrantQueryBuilder12with_payload
FN:72,_RNvMNtCsfB4bCpaJH6a_17qdrant_datafusion7builderNtB2_18QdrantQueryBuilder12with_vectors
FN:92,_RNvMNtCsfB4bCpaJH6a_17qdrant_datafusion7builderNtB2_18QdrantQueryBuilder20with_payload_filters
FN:155,_RNvMNtCsfB4bCpaJH6a_17qdrant_datafusion7builderNtB2_18QdrantQueryBuilder23schema_has_vector_field
FN:56,_RNvMNtCsfB4bCpaJH6a_17qdrant_datafusion7builderNtB2_18QdrantQueryBuilder3new
FN:118,_RNvMNtCsfB4bCpaJH6a_17qdrant_datafusion7builderNtB2_18QdrantQueryBuilder7execute
FNDA:0,_RNCNCNvMNtCs7ZBrOYrjqFP_17qdrant_datafusion7builderNtB6_18QdrantQueryBuilder7execute00B8_
FNDA:11,_RNCNvMNtCs7ZBrOYrjqFP_17qdrant_datafusion7builderNtB4_18QdrantQueryBuilder23schema_has_vector_field0B6_
FNDA:19,_RNCNvMNtCs7ZBrOYrjqFP_17qdrant_datafusion7builderNtB4_18QdrantQueryBuilder7execute0B6_
FNDA:19,_RNvMNtCs7ZBrOYrjqFP_17qdrant_datafusion7builderNtB2_18QdrantQueryBuilder10with_limit
FNDA:19,_RNvMNtCs7ZBrOYrjqFP_17qdrant_datafusion7builderNtB2_18QdrantQueryBuilder12with_payload
FNDA:19,_RNvMNtCs7ZBrOYrjqFP_17qdrant_datafusion7builderNtB2_18QdrantQueryBuilder12with_vectors
FNDA:19,_RNvMNtCs7ZBrOYrjqFP_17qdrant_datafusion7builderNtB2_18QdrantQueryBuilder20with_payload_filters
FNDA:13,_RNvMNtCs7ZBrOYrjqFP_17qdrant_datafusion7builderNtB2_18QdrantQueryBuilder23schema_has_vector_field
FNDA:19,_RNvMNtCs7ZBrOYrjqFP_17qdrant_datafusion7builderNtB2_18QdrantQueryBuilder3new
FNDA:19,_RNvMNtCs7ZBrOYrjqFP_17qdrant_datafusion7builderNtB2_18QdrantQueryBuilder7execute
FNDA:0,_RNCNCNvMNtCsfB4bCpaJH6a_17qdrant_datafusion7builderNtB6_18QdrantQueryBuilder7execute00B8_
FNDA:0,_RNCNvMNtCsfB4bCpaJH6a_17qdrant_datafusion7builderNtB4_18QdrantQueryBuilder23schema_has_vector_field0B6_
FNDA:0,_RNCNvMNtCsfB4bCpaJH6a_17qdrant_datafusion7builderNtB4_18QdrantQueryBuilder7execute0B6_
FNDA:0,_RNvMNtCsfB4bCpaJH6a_17qdrant_datafusion7builderNtB2_18QdrantQueryBuilder10with_limit
FNDA:0,_RNvMNtCsfB4bCpaJH6a_17qdrant_datafusion7builderNtB2_18QdrantQueryBuilder12with_payload
FNDA:0,_RNvMNtCsfB4bCpaJH6a_17qdrant_datafusion7builderNtB2_18QdrantQueryBuilder12with_vectors
FNDA:0,_RNvMNtCsfB4bCpaJH6a_17qdrant_datafusion7builderNtB2_18QdrantQueryBuilder20with_payload_filters
FNDA:0,_RNvMNtCsfB4bCpaJH6a_17qdrant_datafusion7builderNtB2_18QdrantQueryBuilder23schema_has_vector_field
FNDA:0,_RNvMNtCsfB4bCpaJH6a_17qdrant_datafusion7builderNtB2_18QdrantQueryBuilder3new
FNDA:0,_RNvMNtCsfB4bCpaJH6a_17qdrant_datafusion7builderNtB2_18QdrantQueryBuilder7execute
FNF:10
FNH:9
DA:56,19
DA:57,19
DA:58,19
DA:59,19
DA:60,19
DA:61,19
DA:62,19
DA:63,19
DA:64,19
DA:65,19
DA:66,19
DA:72,19
DA:74,19
DA:75,19
DA:76,13
DA:77,0
DA:78,0
DA:79,0
DA:80,13
DA:82,13
DA:83,19
DA:84,19
DA:85,19
DA:92,19
DA:93,19
DA:94,19
DA:95,19
DA:99,19
DA:100,19
DA:101,19
DA:102,19
DA:106,19
DA:107,19
DA:108,19
DA:109,19
DA:118,19
DA:120,19
DA:123,19
DA:124,9
DA:125,9
DA:126,9
DA:127,4
DA:128,4
DA:129,4
DA:130,6
DA:131,6
DA:132,6
DA:133,6
DA:137,19
DA:140,19
DA:141,1
DA:142,18
DA:145,19
DA:146,4
DA:147,4
DA:148,15
DA:151,19
DA:152,19
DA:155,13
DA:157,13
DA:158,10
DA:159,3
DA:162,11
DA:163,11
DA:164,3
DA:165,11
DA:166,13
BRF:0
BRH:0
LF:70
LH:66
end_of_record
SF:/Users/georgepatterson/projects/georgeleepatterson/qdrant-datafusion/src/error.rs
FN:16,_RNvXNtCs7ZBrOYrjqFP_17qdrant_datafusion5errorNtB2_5ErrorINtNtCsaNl6UpbT7bw_4core7convert4FromNtNtNtCsl8t9Ox3X4F8_13qdrant_client13qdrant_client5error11QdrantErrorE4from
FN:16,_RNvXNtCsfB4bCpaJH6a_17qdrant_datafusion5errorNtB2_5ErrorINtNtCsaNl6UpbT7bw_4core7convert4FromNtNtNtCsl8t9Ox3X4F8_13qdrant_client13qdrant_client5error11QdrantErrorE4from
FNDA:0,_RNvXNtCs7ZBrOYrjqFP_17qdrant_datafusion5errorNtB2_5ErrorINtNtCsaNl6UpbT7bw_4core7convert4FromNtNtNtCsl8t9Ox3X4F8_13qdrant_client13qdrant_client5error11QdrantErrorE4from
FNDA:0,_RNvXNtCsfB4bCpaJH6a_17qdrant_datafusion5errorNtB2_5ErrorINtNtCsaNl6UpbT7bw_4core7convert4FromNtNtNtCsl8t9Ox3X4F8_13qdrant_client13qdrant_client5error11QdrantErrorE4from
FNF:1
FNH:0
DA:16,0
BRF:0
BRH:0
LF:1
LH:0
end_of_record
SF:/Users/georgepatterson/projects/georgeleepatterson/qdrant-datafusion/src/expr/filters.rs
FN:28,_RNvMNtNtCs7ZBrOYrjqFP_17qdrant_datafusion4expr7filtersNtB2_13FilterBuilder14expr_to_filter
FN:89,_RNvMNtNtCs7ZBrOYrjqFP_17qdrant_datafusion4expr7filtersNtB2_13FilterBuilder18build_id_condition
FN:177,_RNvMNtNtCs7ZBrOYrjqFP_17qdrant_datafusion4expr7filtersNtB2_13FilterBuilder20build_like_condition
FN:80,_RNvMNtNtCs7ZBrOYrjqFP_17qdrant_datafusion4expr7filtersNtB2_13FilterBuilder21build_field_condition
FN:121,_RNvMNtNtCs7ZBrOYrjqFP_17qdrant_datafusion4expr7filtersNtB2_13FilterBuilder23build_in_list_condition
FN:166,_RNvMNtNtCs7ZBrOYrjqFP_17qdrant_datafusion4expr7filtersNtB2_13FilterBuilder23build_is_null_condition
FN:97,_RNvMNtNtCs7ZBrOYrjqFP_17qdrant_datafusion4expr7filtersNtB2_13FilterBuilder23build_payload_condition
FN:62,_RNvMNtNtCs7ZBrOYrjqFP_17qdrant_datafusion4expr7filtersNtB2_13FilterBuilder26build_comparison_condition
FN:23,_RNvMNtNtCs7ZBrOYrjqFP_17qdrant_datafusion4expr7filtersNtB2_13FilterBuilder3new
FN:355,_RNvNtNtCs7ZBrOYrjqFP_17qdrant_datafusion4expr7filters16is_json_function
FN:257,_RNvNtNtCs7ZBrOYrjqFP_17qdrant_datafusion4expr7filters16merge_or_filters
FN:239,_RNvNtNtCs7ZBrOYrjqFP_17qdrant_datafusion4expr7filters17merge_and_filters
FN:330,_RNvNtNtCs7ZBrOYrjqFP_17qdrant_datafusion4expr7filters18extract_field_info
FN:275,_RNvNtNtCs7ZBrOYrjqFP_17qdrant_datafusion4expr7filters19analyze_filter_expr
FN:376,_RNvNtNtCs7ZBrOYrjqFP_17qdrant_datafusion4expr7filters25extract_json_field_access
FN:215,_RNvNtNtCs7ZBrOYrjqFP_17qdrant_datafusion4expr7filters25translate_payload_filters
FN:179,_RNCNvMNtNtCs7ZBrOYrjqFP_17qdrant_datafusion4expr7filtersNtB4_13FilterBuilder20build_like_condition0B8_
FN:182,_RNCNvMNtNtCs7ZBrOYrjqFP_17qdrant_datafusion4expr7filtersNtB4_13FilterBuilder20build_like_conditions_0B8_
FN:123,_RNCNvMNtNtCs7ZBrOYrjqFP_17qdrant_datafusion4expr7filtersNtB4_13FilterBuilder23build_in_list_condition0B8_
FN:168,_RNCNvMNtNtCs7ZBrOYrjqFP_17qdrant_datafusion4expr7filtersNtB4_13FilterBuilder23build_is_null_condition0B8_
FN:228,_RNCNvNtNtCs7ZBrOYrjqFP_17qdrant_datafusion4expr7filters25translate_payload_filters0B7_
FN:28,_RNvMNtNtCsfB4bCpaJH6a_17qdrant_datafusion4expr7filtersNtB2_13FilterBuilder14expr_to_filter
FN:89,_RNvMNtNtCsfB4bCpaJH6a_17qdrant_datafusion4expr7filtersNtB2_13FilterBuilder18build_id_condition
FN:177,_RNvMNtNtCsfB4bCpaJH6a_17qdrant_datafusion4expr7filtersNtB2_13FilterBuilder20build_like_condition
FN:80,_RNvMNtNtCsfB4bCpaJH6a_17qdrant_datafusion4expr7filtersNtB2_13FilterBuilder21build_field_condition
FN:121,_RNvMNtNtCsfB4bCpaJH6a_17qdrant_datafusion4expr7filtersNtB2_13FilterBuilder23build_in_list_condition
FN:166,_RNvMNtNtCsfB4bCpaJH6a_17qdrant_datafusion4expr7filtersNtB2_13FilterBuilder23build_is_null_condition
FN:97,_RNvMNtNtCsfB4bCpaJH6a_17qdrant_datafusion4expr7filtersNtB2_13FilterBuilder23build_payload_condition
FN:62,_RNvMNtNtCsfB4bCpaJH6a_17qdrant_datafusion4expr7filtersNtB2_13FilterBuilder26build_comparison_condition
FN:23,_RNvMNtNtCsfB4bCpaJH6a_17qdrant_datafusion4expr7filtersNtB2_13FilterBuilder3new
FN:355,_RNvNtNtCsfB4bCpaJH6a_17qdrant_datafusion4expr7filters16is_json_function
FN:257,_RNvNtNtCsfB4bCpaJH6a_17qdrant_datafusion4expr7filters16merge_or_filters
FN:239,_RNvNtNtCsfB4bCpaJH6a_17qdrant_datafusion4expr7filters17merge_and_filters
FN:330,_RNvNtNtCsfB4bCpaJH6a_17qdrant_datafusion4expr7filters18extract_field_info
FN:376,_RNvNtNtCsfB4bCpaJH6a_17qdrant_datafusion4expr7filters25extract_json_field_access
FN:215,_RNvNtNtCsfB4bCpaJH6a_17qdrant_datafusion4expr7filters25translate_payload_filters
FN:207,_RNCNvMNtNtCsfB4bCpaJH6a_17qdrant_datafusion4expr7filtersNtB4_13FilterBuilder15field_data_type0B8_
FN:206,_RNvMNtNtCsfB4bCpaJH6a_17qdrant_datafusion4expr7filtersNtB2_13FilterBuilder15field_data_type
FN:303,_RNvMs_NtNtCsfB4bCpaJH6a_17qdrant_datafusion4expr7filtersNtB4_12FilterResult9condition
FN:275,_RNvNtNtCsfB4bCpaJH6a_17qdrant_datafusion4expr7filters19analyze_filter_expr
FN:418,_RNvNtNtNtCsfB4bCpaJH6a_17qdrant_datafusion4expr7filters5testss_21test_id_equals_filter
FN:447,_RNvNtNtNtCsfB4bCpaJH6a_17qdrant_datafusion4expr7filters5testss_27test_unsupported_expression
FN:461,_RNvNtNtNtCsfB4bCpaJH6a_17qdrant_datafusion4expr7filters5testss_31test_unsupported_operator_on_id
FN:179,_RNCNvMNtNtCsfB4bCpaJH6a_17qdrant_datafusion4expr7filtersNtB4_13FilterBuilder20build_like_condition0B8_
FN:182,_RNCNvMNtNtCsfB4bCpaJH6a_17qdrant_datafusion4expr7filtersNtB4_13FilterBuilder20build_like_conditions_0B8_
FN:123,_RNCNvMNtNtCsfB4bCpaJH6a_17qdrant_datafusion4expr7filtersNtB4_13FilterBuilder23build_in_list_condition0B8_
FN:168,_RNCNvMNtNtCsfB4bCpaJH6a_17qdrant_datafusion4expr7filtersNtB4_13FilterBuilder23build_is_null_condition0B8_
FN:228,_RNCNvNtNtCsfB4bCpaJH6a_17qdrant_datafusion4expr7filters25translate_payload_filters0B7_
FNDA:13,_RNvMNtNtCs7ZBrOYrjqFP_17qdrant_datafusion4expr7filtersNtB2_13FilterBuilder14expr_to_filter
FNDA:3,_RNvMNtNtCs7ZBrOYrjqFP_17qdrant_datafusion4expr7filtersNtB2_13FilterBuilder18build_id_condition
FNDA:0,_RNvMNtNtCs7ZBrOYrjqFP_17qdrant_datafusion4expr7filtersNtB2_13FilterBuilder20build_like_condition
FNDA:11,_RNvMNtNtCs7ZBrOYrjqFP_17qdrant_datafusion4expr7filtersNtB2_13FilterBuilder21build_field_condition
FNDA:0,_RNvMNtNtCs7ZBrOYrjqFP_17qdrant_datafusion4expr7filtersNtB2_13FilterBuilder23build_in_list_condition
FNDA:1,_RNvMNtNtCs7ZBrOYrjqFP_17qdrant_datafusion4expr7filtersNtB2_13FilterBuilder23build_is_null_condition
FNDA:8,_RNvMNtNtCs7ZBrOYrjqFP_17qdrant_datafusion4expr7filtersNtB2_13FilterBuilder23build_payload_condition
FNDA:11,_RNvMNtNtCs7ZBrOYrjqFP_17qdrant_datafusion4expr7filtersNtB2_13FilterBuilder26build_comparison_condition
FNDA:11,_RNvMNtNtCs7ZBrOYrjqFP_17qdrant_datafusion4expr7filtersNtB2_13FilterBuilder3new
FNDA:16,_RNvNtNtCs7ZBrOYrjqFP_17qdrant_datafusion4expr7filters16is_json_function
FNDA:0,_RNvNtNtCs7ZBrOYrjqFP_17qdrant_datafusion4expr7filters16merge_or_filters
FNDA:1,_RNvNtNtCs7ZBrOYrjqFP_17qdrant_datafusion4expr7filters17merge_and_filters
FNDA:12,_RNvNtNtCs7ZBrOYrjqFP_17qdrant_datafusion4expr7filters18extract_field_info
FNDA:7,_RNvNtNtCs7ZBrOYrjqFP_17qdrant_datafusion4expr7filters19analyze_filter_expr
FNDA:8,_RNvNtNtCs7ZBrOYrjqFP_17qdrant_datafusion4expr7filters25extract_json_field_access
FNDA:4,_RNvNtNtCs7ZBrOYrjqFP_17qdrant_datafusion4expr7filters25translate_payload_filters
FNDA:0,_RNCNvMNtNtCs7ZBrOYrjqFP_17qdrant_datafusion4expr7filtersNtB4_13FilterBuilder20build_like_condition0B8_
FNDA:0,_RNCNvMNtNtCs7ZBrOYrjqFP_17qdrant_datafusion4expr7filtersNtB4_13FilterBuilder20build_like_conditions_0B8_
FNDA:0,_RNCNvMNtNtCs7ZBrOYrjqFP_17qdrant_datafusion4expr7filtersNtB4_13FilterBuilder23build_in_list_condition0B8_
FNDA:0,_RNCNvMNtNtCs7ZBrOYrjqFP_17qdrant_datafusion4expr7filtersNtB4_13FilterBuilder23build_is_null_condition0B8_
FNDA:1,_RNCNvNtNtCs7ZBrOYrjqFP_17qdrant_datafusion4expr7filters25translate_payload_filters0B7_
FNDA:3,_RNvMNtNtCsfB4bCpaJH6a_17qdrant_datafusion4expr7filtersNtB2_13FilterBuilder14expr_to_filter
FNDA:2,_RNvMNtNtCsfB4bCpaJH6a_17qdrant_datafusion4expr7filtersNtB2_13FilterBuilder18build_id_condition
FNDA:0,_RNvMNtNtCsfB4bCpaJH6a_17qdrant_datafusion4expr7filtersNtB2_13FilterBuilder20build_like_condition
FNDA:2,_RNvMNtNtCsfB4bCpaJH6a_17qdrant_datafusion4expr7filtersNtB2_13FilterBuilder21build_field_condition
FNDA:0,_RNvMNtNtCsfB4bCpaJH6a_17qdrant_datafusion4expr7filtersNtB2_13FilterBuilder23build_in_list_condition
FNDA:0,_RNvMNtNtCsfB4bCpaJH6a_17qdrant_datafusion4expr7filtersNtB2_13FilterBuilder23build_is_null_condition
FNDA:0,_RNvMNtNtCsfB4bCpaJH6a_17qdrant_datafusion4expr7filtersNtB2_13FilterBuilder23build_payload_condition
FNDA:2,_RNvMNtNtCsfB4bCpaJH6a_17qdrant_datafusion4expr7filtersNtB2_13FilterBuilder26build_comparison_condition
FNDA:3,_RNvMNtNtCsfB4bCpaJH6a_17qdrant_datafusion4expr7filtersNtB2_13FilterBuilder3new
FNDA:0,_RNvNtNtCsfB4bCpaJH6a_17qdrant_datafusion4expr7filters16is_json_function
FNDA:0,_RNvNtNtCsfB4bCpaJH6a_17qdrant_datafusion4expr7filters16merge_or_filters
FNDA:0,_RNvNtNtCsfB4bCpaJH6a_17qdrant_datafusion4expr7filters17merge_and_filters
FNDA:2,_RNvNtNtCsfB4bCpaJH6a_17qdrant_datafusion4expr7filters18extract_field_info
FNDA:0,_RNvNtNtCsfB4bCpaJH6a_17qdrant_datafusion4expr7filters25extract_json_field_access
FNDA:3,_RNvNtNtCsfB4bCpaJH6a_17qdrant_datafusion4expr7filters25translate_payload_filters
FNDA:0,_RNCNvMNtNtCsfB4bCpaJH6a_17qdrant_datafusion4expr7filtersNtB4_13FilterBuilder15field_data_type0B8_
FNDA:0,_RNvMNtNtCsfB4bCpaJH6a_17qdrant_datafusion4expr7filtersNtB2_13FilterBuilder15field_data_type
FNDA:0,_RNvMs_NtNtCsfB4bCpaJH6a_17qdrant_datafusion4expr7filtersNtB4_12FilterResult9condition
FNDA:0,_RNvNtNtCsfB4bCpaJH6a_17qdrant_datafusion4expr7filters19analyze_filter_expr
FNDA:1,_RNvNtNtNtCsfB4bCpaJH6a_17qdrant_datafusion4expr7filters5testss_21test_id_equals_filter
FNDA:1,_RNvNtNtNtCsfB4bCpaJH6a_17qdrant_datafusion4expr7filters5testss_27test_unsupported_expression
FNDA:1,_RNvNtNtNtCsfB4bCpaJH6a_17qdrant_datafusion4expr7filters5testss_31test_unsupported_operator_on_id
FNDA:0,_RNCNvMNtNtCsfB4bCpaJH6a_17qdrant_datafusion4expr7filtersNtB4_13FilterBuilder20build_like_condition0B8_
FNDA:0,_RNCNvMNtNtCsfB4bCpaJH6a_17qdrant_datafusion4expr7filtersNtB4_13FilterBuilder20build_like_conditions_0B8_
FNDA:0,_RNCNvMNtNtCsfB4bCpaJH6a_17qdrant_datafusion4expr7filtersNtB4_13FilterBuilder23build_in_list_condition0B8_
FNDA:0,_RNCNvMNtNtCsfB4bCpaJH6a_17qdrant_datafusion4expr7filtersNtB4_13FilterBuilder23build_is_null_condition0B8_
FNDA:0,_RNCNvNtNtCsfB4bCpaJH6a_17qdrant_datafusion4expr7filters25translate_payload_filters0B7_
FNF:27
FNH:17
DA:23,14
DA:24,14
DA:25,14
DA:28,16
DA:29,14
DA:31,1
DA:32,1
DA:33,1
DA:34,1
DA:37,0
DA:38,0
DA:39,0
DA:40,0
DA:43,0
DA:44,0
DA:45,0
DA:49,13
DA:50,0
DA:51,1
DA:52,0
DA:55,0
DA:57,1
DA:59,16
DA:62,13
DA:63,13
DA:66,13
DA:67,13
DA:68,0
DA:71,0
DA:72,0
DA:73,0
DA:74,0
DA:76,0
DA:77,13
DA:80,13
DA:81,13
DA:82,5
DA:83,8
DA:85,12
DA:86,13
DA:89,5
DA:90,5
DA:91,4
DA:92,1
DA:94,5
DA:97,8
DA:98,8
DA:99,4
DA:100,4
DA:101,4
DA:102,4
DA:104,0
DA:105,0
DA:106,0
DA:108,0
DA:109,0
DA:110,0
DA:112,0
DA:113,0
DA:114,0
DA:116,0
DA:118,8
DA:121,0
DA:122,0
DA:123,0
DA:125,0
DA:127,0
DA:128,0
DA:129,0
DA:130,0
DA:132,0
DA:136,0
DA:137,0
DA:138,0
DA:140,0
DA:142,0
DA:146,0
DA:147,0
DA:148,0
DA:149,0
DA:151,0
DA:155,0
DA:156,0
DA:158,0
DA:160,0
DA:163,0
DA:166,1
DA:167,1
DA:168,1
DA:170,1
DA:171,0
DA:172,1
DA:174,1
DA:177,0
DA:178,0
DA:179,0
DA:181,0
DA:182,0
DA:184,0
DA:187,0
DA:188,0
DA:189,0
DA:190,0
DA:191,0
DA:192,0
DA:194,0
DA:197,0
DA:198,0
DA:200,0
DA:202,0
DA:203,0
DA:206,0
DA:207,0
DA:208,0
DA:215,7
DA:216,7
DA:217,0
DA:218,7
DA:221,7
DA:222,7
DA:225,7
DA:226,6
DA:228,1
DA:229,1
DA:230,1
DA:231,1
DA:232,1
DA:235,7
DA:236,7
DA:239,1
DA:242,1
DA:243,1
DA:245,1
DA:246,1
DA:248,1
DA:249,1
DA:250,1
DA:251,1
DA:252,1
DA:253,1
DA:254,1
DA:257,0
DA:259,0
DA:262,0
DA:263,0
DA:264,0
DA:267,0
DA:268,0
DA:269,0
DA:271,0
DA:272,0
DA:275,7
DA:277,7
DA:278,7
DA:279,7
DA:280,7
DA:282,7
DA:283,7
DA:285,0
DA:288,0
DA:290,7
DA:303,0
DA:304,0
DA:305,0
DA:330,14
DA:331,8
DA:333,0
DA:336,6
DA:337,6
DA:338,5
DA:341,1
DA:346,8
DA:347,8
DA:350,0
DA:352,14
DA:355,16
DA:357,16
DA:358,16
DA:359,16
DA:360,16
DA:361,16
DA:362,16
DA:363,8
DA:364,8
DA:365,0
DA:366,0
DA:367,0
DA:368,0
DA:370,16
DA:376,8
DA:377,8
DA:378,0
DA:379,8
DA:382,8
DA:383,0
DA:384,8
DA:387,8
DA:388,8
DA:389,0
DA:390,8
DA:391,8
DA:393,8
DA:394,0
DA:395,8
DA:398,8
DA:399,8
DA:400,8
DA:402,0
DA:405,8
DA:406,8
DA:418,1
DA:420,1
DA:421,1
DA:422,1
DA:423,1
DA:424,1
DA:426,1
DA:429,1
DA:431,1
DA:432,1
DA:433,1
DA:436,1
DA:437,1
DA:439,0
DA:442,0
DA:444,1
DA:447,1
DA:449,1
DA:450,1
DA:451,1
DA:452,1
DA:453,1
DA:455,1
DA:456,1
DA:457,1
DA:458,1
DA:461,1
DA:463,1
DA:464,1
DA:465,1
DA:466,1
DA:467,1
DA:469,1
DA:470,1
DA:471,1
DA:472,1
BRF:0
BRH:0
LF:252
LH:145
end_of_record
SF:/Users/georgepatterson/projects/georgeleepatterson/qdrant-datafusion/src/expr/utils.rs
FN:38,_RNvNtNtCs7ZBrOYrjqFP_17qdrant_datafusion4expr5utils13scalar_to_f64
FN:12,_RNvNtNtCs7ZBrOYrjqFP_17qdrant_datafusion4expr5utils16reverse_operator
FN:24,_RNvNtNtCs7ZBrOYrjqFP_17qdrant_datafusion4expr5utils16scalar_to_string
FN:86,_RNvNtNtCs7ZBrOYrjqFP_17qdrant_datafusion4expr5utils18array_to_point_ids
FN:62,_RNvNtNtCs7ZBrOYrjqFP_17qdrant_datafusion4expr5utils18scalar_to_point_id
FN:51,_RNvNtNtCs7ZBrOYrjqFP_17qdrant_datafusion4expr5utils19scalar_to_point_ids
FN:92,_RNCNCNvNtNtCs7ZBrOYrjqFP_17qdrant_datafusion4expr5utils18array_to_point_idss1_00B9_
FN:92,_RNCNCNvNtNtCs7ZBrOYrjqFP_17qdrant_datafusion4expr5utils18array_to_point_idss3_00B9_
FN:92,_RNCNCNvNtNtCs7ZBrOYrjqFP_17qdrant_datafusion4expr5utils18array_to_point_idss5_00B9_
FN:92,_RNCNCNvNtNtCs7ZBrOYrjqFP_17qdrant_datafusion4expr5utils18array_to_point_idss7_00B9_
FN:92,_RNCNCNvNtNtCs7ZBrOYrjqFP_17qdrant_datafusion4expr5utils18array_to_point_idss9_00B9_
FN:92,_RNCNCNvNtNtCs7ZBrOYrjqFP_17qdrant_datafusion4expr5utils18array_to_point_idss_00B9_
FN:92,_RNCNCNvNtNtCs7ZBrOYrjqFP_17qdrant_datafusion4expr5utils18array_to_point_idssb_00B9_
FN:92,_RNCNCNvNtNtCs7ZBrOYrjqFP_17qdrant_datafusion4expr5utils18array_to_point_idssd_00B9_
FN:114,_RNCNvNtNtCs7ZBrOYrjqFP_17qdrant_datafusion4expr5utils18array_to_point_ids0B7_
FN:97,_RNCNvNtNtCs7ZBrOYrjqFP_17qdrant_datafusion4expr5utils18array_to_point_idss0_0B7_
FN:92,_RNCNvNtNtCs7ZBrOYrjqFP_17qdrant_datafusion4expr5utils18array_to_point_idss1_0B7_
FN:98,_RNCNvNtNtCs7ZBrOYrjqFP_17qdrant_datafusion4expr5utils18array_to_point_idss2_0B7_
FN:92,_RNCNvNtNtCs7ZBrOYrjqFP_17qdrant_datafusion4expr5utils18array_to_point_idss3_0B7_
FN:99,_RNCNvNtNtCs7ZBrOYrjqFP_17qdrant_datafusion4expr5utils18array_to_point_idss4_0B7_
FN:92,_RNCNvNtNtCs7ZBrOYrjqFP_17qdrant_datafusion4expr5utils18array_to_point_idss5_0B7_
FN:100,_RNCNvNtNtCs7ZBrOYrjqFP_17qdrant_datafusion4expr5utils18array_to_point_idss6_0B7_
FN:92,_RNCNvNtNtCs7ZBrOYrjqFP_17qdrant_datafusion4expr5utils18array_to_point_idss7_0B7_
FN:101,_RNCNvNtNtCs7ZBrOYrjqFP_17qdrant_datafusion4expr5utils18array_to_point_idss8_0B7_
FN:92,_RNCNvNtNtCs7ZBrOYrjqFP_17qdrant_datafusion4expr5utils18array_to_point_idss9_0B7_
FN:92,_RNCNvNtNtCs7ZBrOYrjqFP_17qdrant_datafusion4expr5utils18array_to_point_idss_0B7_
FN:102,_RNCNvNtNtCs7ZBrOYrjqFP_17qdrant_datafusion4expr5utils18array_to_point_idssa_0B7_
FN:92,_RNCNvNtNtCs7ZBrOYrjqFP_17qdrant_datafusion4expr5utils18array_to_point_idssb_0B7_
FN:103,_RNCNvNtNtCs7ZBrOYrjqFP_17qdrant_datafusion4expr5utils18array_to_point_idssc_0B7_
FN:92,_RNCNvNtNtCs7ZBrOYrjqFP_17qdrant_datafusion4expr5utils18array_to_point_idssd_0B7_
FN:92,_RNCNCNvNtNtCsfB4bCpaJH6a_17qdrant_datafusion4expr5utils18array_to_point_idss1_00B9_
FN:92,_RNCNCNvNtNtCsfB4bCpaJH6a_17qdrant_datafusion4expr5utils18array_to_point_idss3_00B9_
FN:92,_RNCNCNvNtNtCsfB4bCpaJH6a_17qdrant_datafusion4expr5utils18array_to_point_idss5_00B9_
FN:92,_RNCNCNvNtNtCsfB4bCpaJH6a_17qdrant_datafusion4expr5utils18array_to_point_idss7_00B9_
FN:92,_RNCNCNvNtNtCsfB4bCpaJH6a_17qdrant_datafusion4expr5utils18array_to_point_idss9_00B9_
FN:92,_RNCNCNvNtNtCsfB4bCpaJH6a_17qdrant_datafusion4expr5utils18array_to_point_idss_00B9_
FN:92,_RNCNCNvNtNtCsfB4bCpaJH6a_17qdrant_datafusion4expr5utils18array_to_point_idssb_00B9_
FN:92,_RNCNCNvNtNtCsfB4bCpaJH6a_17qdrant_datafusion4expr5utils18array_to_point_idssd_00B9_
FN:114,_RNCNvNtNtCsfB4bCpaJH6a_17qdrant_datafusion4expr5utils18array_to_point_ids0B7_
FN:97,_RNCNvNtNtCsfB4bCpaJH6a_17qdrant_datafusion4expr5utils18array_to_point_idss0_0B7_
FN:92,_RNCNvNtNtCsfB4bCpaJH6a_17qdrant_datafusion4expr5utils18array_to_point_idss1_0B7_
FN:98,_RNCNvNtNtCsfB4bCpaJH6a_17qdrant_datafusion4expr5utils18array_to_point_idss2_0B7_
FN:92,_RNCNvNtNtCsfB4bCpaJH6a_17qdrant_datafusion4expr5utils18array_to_point_idss3_0B7_
FN:99,_RNCNvNtNtCsfB4bCpaJH6a_17qdrant_datafusion4expr5utils18array_to_point_idss4_0B7_
FN:92,_RNCNvNtNtCsfB4bCpaJH6a_17qdrant_datafusion4expr5utils18array_to_point_idss5_0B7_
FN:100,_RNCNvNtNtCsfB4bCpaJH6a_17qdrant_datafusion4expr5utils18array_to_point_idss6_0B7_
FN:92,_RNCNvNtNtCsfB4bCpaJH6a_17qdrant_datafusion4expr5utils18array_to_point_idss7_0B7_
FN:101,_RNCNvNtNtCsfB4bCpaJH6a_17qdrant_datafusion4expr5utils18array_to_point_idss8_0B7_
FN:92,_RNCNvNtNtCsfB4bCpaJH6a_17qdrant_datafusion4expr5utils18array_to_point_idss9_0B7_
FN:92,_RNCNvNtNtCsfB4bCpaJH6a_17qdrant_datafusion4expr5utils18array_to_point_idss_0B7_
FN:102,_RNCNvNtNtCsfB4bCpaJH6a_17qdrant_datafusion4expr5utils18array_to_point_idssa_0B7_
FN:92,_RNCNvNtNtCsfB4bCpaJH6a_17qdrant_datafusion4expr5utils18array_to_point_idssb_0B7_
FN:103,_RNCNvNtNtCsfB4bCpaJH6a_17qdrant_datafusion4expr5utils18array_to_point_idssc_0B7_
FN:92,_RNCNvNtNtCsfB4bCpaJH6a_17qdrant_datafusion4expr5utils18array_to_point_idssd_0B7_
FN:38,_RNvNtNtCsfB4bCpaJH6a_17qdrant_datafusion4expr5utils13scalar_to_f64
FN:12,_RNvNtNtCsfB4bCpaJH6a_17qdrant_datafusion4expr5utils16reverse_operator
FN:24,_RNvNtNtCsfB4bCpaJH6a_17qdrant_datafusion4expr5utils16scalar_to_string
FN:86,_RNvNtNtCsfB4bCpaJH6a_17qdrant_datafusion4expr5utils18array_to_point_ids
FN:62,_RNvNtNtCsfB4bCpaJH6a_17qdrant_datafusion4expr5utils18scalar_to_point_id
FN:51,_RNvNtNtCsfB4bCpaJH6a_17qdrant_datafusion4expr5utils19scalar_to_point_ids
FNDA:4,_RNvNtNtCs7ZBrOYrjqFP_17qdrant_datafusion4expr5utils13scalar_to_f64
FNDA:0,_RNvNtNtCs7ZBrOYrjqFP_17qdrant_datafusion4expr5utils16reverse_operator
FNDA:4,_RNvNtNtCs7ZBrOYrjqFP_17qdrant_datafusion4expr5utils16scalar_to_string
FNDA:0,_RNvNtNtCs7ZBrOYrjqFP_17qdrant_datafusion4expr5utils18array_to_point_ids
FNDA:3,_RNvNtNtCs7ZBrOYrjqFP_17qdrant_datafusion4expr5utils18scalar_to_point_id
FNDA:3,_RNvNtNtCs7ZBrOYrjqFP_17qdrant_datafusion4expr5utils19scalar_to_point_ids
FNDA:0,_RNCNCNvNtNtCs7ZBrOYrjqFP_17qdrant_datafusion4expr5utils18array_to_point_idss1_00B9_
FNDA:0,_RNCNCNvNtNtCs7ZBrOYrjqFP_17qdrant_datafusion4expr5utils18array_to_point_idss3_00B9_
FNDA:0,_RNCNCNvNtNtCs7ZBrOYrjqFP_17qdrant_datafusion4expr5utils18array_to_point_idss5_00B9_
FNDA:0,_RNCNCNvNtNtCs7ZBrOYrjqFP_17qdrant_datafusion4expr5utils18array_to_point_idss7_00B9_
FNDA:0,_RNCNCNvNtNtCs7ZBrOYrjqFP_17qdrant_datafusion4expr5utils18array_to_point_idss9_00B9_
FNDA:0,_RNCNCNvNtNtCs7ZBrOYrjqFP_17qdrant_datafusion4expr5utils18array_to_point_idss_00B9_
FNDA:0,_RNCNCNvNtNtCs7ZBrOYrjqFP_17qdrant_datafusion4expr5utils18array_to_point_idssb_00B9_
FNDA:0,_RNCNCNvNtNtCs7ZBrOYrjqFP_17qdrant_datafusion4expr5utils18array_to_point_idssd_00B9_
FNDA:0,_RNCNvNtNtCs7ZBrOYrjqFP_17qdrant_datafusion4expr5utils18array_to_point_ids0B7_
FNDA:0,_RNCNvNtNtCs7ZBrOYrjqFP_17qdrant_datafusion4expr5utils18array_to_point_idss0_0B7_
FNDA:0,_RNCNvNtNtCs7ZBrOYrjqFP_17qdrant_datafusion4expr5utils18array_to_point_idss1_0B7_
FNDA:0,_RNCNvNtNtCs7ZBrOYrjqFP_17qdrant_datafusion4expr5utils18array_to_point_idss2_0B7_
FNDA:0,_RNCNvNtNtCs7ZBrOYrjqFP_17qdrant_datafusion4expr5utils18array_to_point_idss3_0B7_
FNDA:0,_RNCNvNtNtCs7ZBrOYrjqFP_17qdrant_datafusion4expr5utils18array_to_point_idss4_0B7_
FNDA:0,_RNCNvNtNtCs7ZBrOYrjqFP_17qdrant_datafusion4expr5utils18array_to_point_idss5_0B7_
FNDA:0,_RNCNvNtNtCs7ZBrOYrjqFP_17qdrant_datafusion4expr5utils18array_to_point_idss6_0B7_
FNDA:0,_RNCNvNtNtCs7ZBrOYrjqFP_17qdrant_datafusion4expr5utils18array_to_point_idss7_0B7_
FNDA:0,_RNCNvNtNtCs7ZBrOYrjqFP_17qdrant_datafusion4expr5utils18array_to_point_idss8_0B7_
FNDA:0,_RNCNvNtNtCs7ZBrOYrjqFP_17qdrant_datafusion4expr5utils18array_to_point_idss9_0B7_
FNDA:0,_RNCNvNtNtCs7ZBrOYrjqFP_17qdrant_datafusion4expr5utils18array_to_point_idss_0B7_
FNDA:0,_RNCNvNtNtCs7ZBrOYrjqFP_17qdrant_datafusion4expr5utils18array_to_point_idssa_0B7_
FNDA:0,_RNCNvNtNtCs7ZBrOYrjqFP_17qdrant_datafusion4expr5utils18array_to_point_idssb_0B7_
FNDA:0,_RNCNvNtNtCs7ZBrOYrjqFP_17qdrant_datafusion4expr5utils18array_to_point_idssc_0B7_
FNDA:0,_RNCNvNtNtCs7ZBrOYrjqFP_17qdrant_datafusion4expr5utils18array_to_point_idssd_0B7_
FNDA:0,_RNCNCNvNtNtCsfB4bCpaJH6a_17qdrant_datafusion4expr5utils18array_to_point_idss1_00B9_
FNDA:0,_RNCNCNvNtNtCsfB4bCpaJH6a_17qdrant_datafusion4expr5utils18array_to_point_idss3_00B9_
FNDA:0,_RNCNCNvNtNtCsfB4bCpaJH6a_17qdrant_datafusion4expr5utils18array_to_point_idss5_00B9_
FNDA:0,_RNCNCNvNtNtCsfB4bCpaJH6a_17qdrant_datafusion4expr5utils18array_to_point_idss7_00B9_
FNDA:0,_RNCNCNvNtNtCsfB4bCpaJH6a_17qdrant_datafusion4expr5utils18array_to_point_idss9_00B9_
FNDA:0,_RNCNCNvNtNtCsfB4bCpaJH6a_17qdrant_datafusion4expr5utils18array_to_point_idss_00B9_
FNDA:0,_RNCNCNvNtNtCsfB4bCpaJH6a_17qdrant_datafusion4expr5utils18array_to_point_idssb_00B9_
FNDA:0,_RNCNCNvNtNtCsfB4bCpaJH6a_17qdrant_datafusion4expr5utils18array_to_point_idssd_00B9_
FNDA:0,_RNCNvNtNtCsfB4bCpaJH6a_17qdrant_datafusion4expr5utils18array_to_point_ids0B7_
FNDA:0,_RNCNvNtNtCsfB4bCpaJH6a_17qdrant_datafusion4expr5utils18array_to_point_idss0_0B7_
FNDA:0,_RNCNvNtNtCsfB4bCpaJH6a_17qdrant_datafusion4expr5utils18array_to_point_idss1_0B7_
FNDA:0,_RNCNvNtNtCsfB4bCpaJH6a_17qdrant_datafusion4expr5utils18array_to_point_idss2_0B7_
FNDA:0,_RNCNvNtNtCsfB4bCpaJH6a_17qdrant_datafusion4expr5utils18array_to_point_idss3_0B7_
FNDA:0,_RNCNvNtNtCsfB4bCpaJH6a_17qdrant_datafusion4expr5utils18array_to_point_idss4_0B7_
FNDA:0,_RNCNvNtNtCsfB4bCpaJH6a_17qdrant_datafusion4expr5utils18array_to_point_idss5_0B7_
FNDA:0,_RNCNvNtNtCsfB4bCpaJH6a_17qdrant_datafusion4expr5utils18array_to_point_idss6_0B7_
FNDA:0,_RNCNvNtNtCsfB4bCpaJH6a_17qdrant_datafusion4expr5utils18array_to_point_idss7_0B7_
FNDA:0,_RNCNvNtNtCsfB4bCpaJH6a_17qdrant_datafusion4expr5utils18array_to_point_idss8_0B7_
FNDA:0,_RNCNvNtNtCsfB4bCpaJH6a_17qdrant_datafusion4expr5utils18array_to_point_idss9_0B7_
FNDA:0,_RNCNvNtNtCsfB4bCpaJH6a_17qdrant_datafusion4expr5utils18array_to_point_idss_0B7_
FNDA:0,_RNCNvNtNtCsfB4bCpaJH6a_17qdrant_datafusion4expr5utils18array_to_point_idssa_0B7_
FNDA:0,_RNCNvNtNtCsfB4bCpaJH6a_17qdrant_datafusion4expr5utils18array_to_point_idssb_0B7_
FNDA:0,_RNCNvNtNtCsfB4bCpaJH6a_17qdrant_datafusion4expr5utils18array_to_point_idssc_0B7_
FNDA:0,_RNCNvNtNtCsfB4bCpaJH6a_17qdrant_datafusion4expr5utils18array_to_point_idssd_0B7_
FNDA:0,_RNvNtNtCsfB4bCpaJH6a_17qdrant_datafusion4expr5utils13scalar_to_f64
FNDA:0,_RNvNtNtCsfB4bCpaJH6a_17qdrant_datafusion4expr5utils16reverse_operator
FNDA:0,_RNvNtNtCsfB4bCpaJH6a_17qdrant_datafusion4expr5utils16scalar_to_string
FNDA:0,_RNvNtNtCsfB4bCpaJH6a_17qdrant_datafusion4expr5utils18array_to_point_ids
FNDA:1,_RNvNtNtCsfB4bCpaJH6a_17qdrant_datafusion4expr5utils18scalar_to_point_id
FNDA:1,_RNvNtNtCsfB4bCpaJH6a_17qdrant_datafusion4expr5utils19scalar_to_point_ids
FNF:16
FNH:4
DA:12,0
DA:13,0
DA:14,0
DA:15,0
DA:16,0
DA:17,0
DA:19,0
DA:21,0
DA:24,4
DA:25,0
DA:26,4
DA:27,0
DA:28,0
DA:29,0
DA:30,0
DA:31,0
DA:32,0
DA:34,4
DA:38,4
DA:39,0
DA:40,0
DA:41,0
DA:42,0
DA:43,4
DA:44,0
DA:45,0
DA:46,0
DA:48,4
DA:51,4
DA:52,4
DA:53,0
DA:54,0
DA:55,0
DA:56,4
DA:58,4
DA:62,4
DA:63,0
DA:65,0
DA:66,0
DA:67,1
DA:68,0
DA:69,0
DA:70,0
DA:71,0
DA:72,0
DA:74,3
DA:75,0
DA:76,0
DA:78,3
DA:80,0
DA:82,4
DA:86,0
DA:92,0
DA:97,0
DA:98,0
DA:99,0
DA:100,0
DA:101,0
DA:102,0
DA:103,0
DA:104,0
DA:106,0
DA:107,0
DA:108,0
DA:109,0
DA:111,0
DA:112,0
DA:113,0
DA:114,0
DA:115,0
DA:116,0
DA:118,0
DA:120,0
DA:121,0
DA:122,0
DA:124,0
DA:125,0
BRF:0
BRH:0
LF:86
LH:15
end_of_record
SF:/Users/georgepatterson/projects/georgeleepatterson/qdrant-datafusion/src/stream.rs
FN:40,_RNvMNtCs7ZBrOYrjqFP_17qdrant_datafusion6streamNtB2_17QdrantQueryStream3new
FN:57,_RNvXs0_NtCs7ZBrOYrjqFP_17qdrant_datafusion6streamNtB5_17QdrantQueryStreamNtNtCs2HME2WDDiGG_20datafusion_execution6stream17RecordBatchStream6schema
FN:51,_RNvXs_NtCs7ZBrOYrjqFP_17qdrant_datafusion6streamNtB4_17QdrantQueryStreamNtNtCs7kLSOIVBXMu_12futures_core6stream6Stream9poll_next
FN:40,_RNvMNtCsfB4bCpaJH6a_17qdrant_datafusion6streamNtB2_17QdrantQueryStream3new
FN:57,_RNvXs0_NtCsfB4bCpaJH6a_17qdrant_datafusion6streamNtB5_17QdrantQueryStreamNtNtCs2HME2WDDiGG_20datafusion_execution6stream17RecordBatchStream6schema
FN:51,_RNvXs_NtCsfB4bCpaJH6a_17qdrant_datafusion6streamNtB4_17QdrantQueryStreamNtNtCs7kLSOIVBXMu_12futures_core6stream6Stream9poll_next
FNDA:19,_RNvMNtCs7ZBrOYrjqFP_17qdrant_datafusion6streamNtB2_17QdrantQueryStream3new
FNDA:19,_RNvXs0_NtCs7ZBrOYrjqFP_17qdrant_datafusion6streamNtB5_17QdrantQueryStreamNtNtCs2HME2WDDiGG_20datafusion_execution6stream17RecordBatchStream6schema
FNDA:75,_RNvXs_NtCs7ZBrOYrjqFP_17qdrant_datafusion6streamNtB4_17QdrantQueryStreamNtNtCs7kLSOIVBXMu_12futures_core6stream6Stream9poll_next
FNDA:0,_RNvMNtCsfB4bCpaJH6a_17qdrant_datafusion6streamNtB2_17QdrantQueryStream3new
FNDA:0,_RNvXs0_NtCsfB4bCpaJH6a_17qdrant_datafusion6streamNtB5_17QdrantQueryStreamNtNtCs2HME2WDDiGG_20datafusion_execution6stream17RecordBatchStream6schema
FNDA:0,_RNvXs_NtCsfB4bCpaJH6a_17qdrant_datafusion6streamNtB4_17QdrantQueryStreamNtNtCs7kLSOIVBXMu_12futures_core6stream6Stream9poll_next
FNF:3
FNH:3
DA:40,19
DA:41,19
DA:42,19
DA:43,19
DA:44,19
DA:45,19
DA:51,75
DA:52,75
DA:53,75
DA:57,19
BRF:0
BRH:0
LF:10
LH:10
end_of_record
SF:/Users/georgepatterson/projects/georgeleepatterson/qdrant-datafusion/src/table.rs
FN:134,_RNCNvMs_NtCs7ZBrOYrjqFP_17qdrant_datafusion5tableNtB6_19QdrantTableProvider7try_new0CskDeV5iZOvh8_3e2e
FN:248,_RNvMs1_NtCs7ZBrOYrjqFP_17qdrant_datafusion5tableNtB5_14QdrantScanExec3new
FN:134,_RNvMs_NtCs7ZBrOYrjqFP_17qdrant_datafusion5tableNtB4_19QdrantTableProvider7try_new
FN:270,_RNvNtCs7ZBrOYrjqFP_17qdrant_datafusion5table25execute_qdrant_table_scan
FN:91,_RNvXNtCs7ZBrOYrjqFP_17qdrant_datafusion5tableNtB2_19QdrantTableProviderNtNtCsaNl6UpbT7bw_4core3fmt5Debug3fmt
FN:235,_RNvXs0_NtCs7ZBrOYrjqFP_17qdrant_datafusion5tableNtB5_14QdrantScanExecNtNtCsaNl6UpbT7bw_4core3fmt5Debug3fmt
FN:315,_RNvXs2_NtCs7ZBrOYrjqFP_17qdrant_datafusion5tableNtB5_14QdrantScanExecNtNtCsbMCmj5unKhw_24datafusion_physical_plan14execution_plan13ExecutionPlan10properties
FN:319,_RNvXs2_NtCs7ZBrOYrjqFP_17qdrant_datafusion5tableNtB5_14QdrantScanExecNtNtCsbMCmj5unKhw_24datafusion_physical_plan14execution_plan13ExecutionPlan17with_new_children
FN:311,_RNvXs2_NtCs7ZBrOYrjqFP_17qdrant_datafusion5tableNtB5_14QdrantScanExecNtNtCsbMCmj5unKhw_24datafusion_physical_plan14execution_plan13ExecutionPlan4name
FN:313,_RNvXs2_NtCs7ZBrOYrjqFP_17qdrant_datafusion5tableNtB5_14QdrantScanExecNtNtCsbMCmj5unKhw_24datafusion_physical_plan14execution_plan13ExecutionPlan6as_any
FN:326,_RNvXs2_NtCs7ZBrOYrjqFP_17qdrant_datafusion5tableNtB5_14QdrantScanExecNtNtCsbMCmj5unKhw_24datafusion_physical_plan14execution_plan13ExecutionPlan7execute
FN:317,_RNvXs2_NtCs7ZBrOYrjqFP_17qdrant_datafusion5tableNtB5_14QdrantScanExecNtNtCsbMCmj5unKhw_24datafusion_physical_plan14execution_plan13ExecutionPlan8children
FN:345,_RNvXs3_NtCs7ZBrOYrjqFP_17qdrant_datafusion5tableNtB5_14QdrantScanExecNtNtCsbMCmj5unKhw_24datafusion_physical_plan7display9DisplayAs6fmt_as
FN:157,_RNvXs5_NtCs7ZBrOYrjqFP_17qdrant_datafusion5tableNtB5_19QdrantTableProviderNtNtCsfc3yIixSBpK_18datafusion_catalog5table13TableProvider10table_type
FN:205,_RNvXs5_NtCs7ZBrOYrjqFP_17qdrant_datafusion5tableNtB5_19QdrantTableProviderNtNtCsfc3yIixSBpK_18datafusion_catalog5table13TableProvider11insert_into
FN:159,_RNvXs5_NtCs7ZBrOYrjqFP_17qdrant_datafusion5tableNtB5_19QdrantTableProviderNtNtCsfc3yIixSBpK_18datafusion_catalog5table13TableProvider25supports_filters_pushdown
FN:183,_RNvXs5_NtCs7ZBrOYrjqFP_17qdrant_datafusion5tableNtB5_19QdrantTableProviderNtNtCsfc3yIixSBpK_18datafusion_catalog5table13TableProvider4scan
FN:153,_RNvXs5_NtCs7ZBrOYrjqFP_17qdrant_datafusion5tableNtB5_19QdrantTableProviderNtNtCsfc3yIixSBpK_18datafusion_catalog5table13TableProvider6as_any
FN:155,_RNvXs5_NtCs7ZBrOYrjqFP_17qdrant_datafusion5tableNtB5_19QdrantTableProviderNtNtCsfc3yIixSBpK_18datafusion_catalog5table13TableProvider6schema
FN:276,_RNCNvNtCs7ZBrOYrjqFP_17qdrant_datafusion5table25execute_qdrant_table_scan0B5_
FN:336,_RNCNvXs2_NtCs7ZBrOYrjqFP_17qdrant_datafusion5tableNtB7_14QdrantScanExecNtNtCsbMCmj5unKhw_24datafusion_physical_plan14execution_plan13ExecutionPlan7execute0B9_
FN:165,_RNCNvXs5_NtCs7ZBrOYrjqFP_17qdrant_datafusion5tableNtB7_19QdrantTableProviderNtNtCsfc3yIixSBpK_18datafusion_catalog5table13TableProvider25supports_filters_pushdown0B9_
FN:134,_RNCNvMs_NtCsfB4bCpaJH6a_17qdrant_datafusion5tableNtB6_19QdrantTableProvider7try_new0B8_
FN:276,_RNCNvNtCsfB4bCpaJH6a_17qdrant_datafusion5table25execute_qdrant_table_scan0B5_
FN:336,_RNCNvXs2_NtCsfB4bCpaJH6a_17qdrant_datafusion5tableNtB7_14QdrantScanExecNtNtCsbMCmj5unKhw_24datafusion_physical_plan14execution_plan13ExecutionPlan7execute0B9_
FN:165,_RNCNvXs5_NtCsfB4bCpaJH6a_17qdrant_datafusion5tableNtB7_19QdrantTableProviderNtNtCsfc3yIixSBpK_18datafusion_catalog5table13TableProvider25supports_filters_pushdown0B9_
FN:248,_RNvMs1_NtCsfB4bCpaJH6a_17qdrant_datafusion5tableNtB5_14QdrantScanExec3new
FN:134,_RNvMs_NtCsfB4bCpaJH6a_17qdrant_datafusion5tableNtB4_19QdrantTableProvider7try_new
FN:270,_RNvNtCsfB4bCpaJH6a_17qdrant_datafusion5table25execute_qdrant_table_scan
FN:91,_RNvXNtCsfB4bCpaJH6a_17qdrant_datafusion5tableNtB2_19QdrantTableProviderNtNtCsaNl6UpbT7bw_4core3fmt5Debug3fmt
FN:235,_RNvXs0_NtCsfB4bCpaJH6a_17qdrant_datafusion5tableNtB5_14QdrantScanExecNtNtCsaNl6UpbT7bw_4core3fmt5Debug3fmt
FN:315,_RNvXs2_NtCsfB4bCpaJH6a_17qdrant_datafusion5tableNtB5_14QdrantScanExecNtNtCsbMCmj5unKhw_24datafusion_physical_plan14execution_plan13ExecutionPlan10properties
FN:319,_RNvXs2_NtCsfB4bCpaJH6a_17qdrant_datafusion5tableNtB5_14QdrantScanExecNtNtCsbMCmj5unKhw_24datafusion_physical_plan14execution_plan13ExecutionPlan17with_new_children
FN:311,_RNvXs2_NtCsfB4bCpaJH6a_17qdrant_datafusion5tableNtB5_14QdrantScanExecNtNtCsbMCmj5unKhw_24datafusion_physical_plan14execution_plan13ExecutionPlan4name
FN:313,_RNvXs2_NtCsfB4bCpaJH6a_17qdrant_datafusion5tableNtB5_14QdrantScanExecNtNtCsbMCmj5unKhw_24datafusion_physical_plan14execution_plan13ExecutionPlan6as_any
FN:326,_RNvXs2_NtCsfB4bCpaJH6a_17qdrant_datafusion5tableNtB5_14QdrantScanExecNtNtCsbMCmj5unKhw_24datafusion_physical_plan14execution_plan13ExecutionPlan7execute
FN:317,_RNvXs2_NtCsfB4bCpaJH6a_17qdrant_datafusion5tableNtB5_14QdrantScanExecNtNtCsbMCmj5unKhw_24datafusion_physical_plan14execution_plan13ExecutionPlan8children
FN:345,_RNvXs3_NtCsfB4bCpaJH6a_17qdrant_datafusion5tableNtB5_14QdrantScanExecNtNtCsbMCmj5unKhw_24datafusion_physical_plan7display9DisplayAs6fmt_as
FN:157,_RNvXs5_NtCsfB4bCpaJH6a_17qdrant_datafusion5tableNtB5_19QdrantTableProviderNtNtCsfc3yIixSBpK_18datafusion_catalog5table13TableProvider10table_type
FN:205,_RNvXs5_NtCsfB4bCpaJH6a_17qdrant_datafusion5tableNtB5_19QdrantTableProviderNtNtCsfc3yIixSBpK_18datafusion_catalog5table13TableProvider11insert_into
FN:159,_RNvXs5_NtCsfB4bCpaJH6a_17qdrant_datafusion5tableNtB5_19QdrantTableProviderNtNtCsfc3yIixSBpK_18datafusion_catalog5table13TableProvider25supports_filters_pushdown
FN:183,_RNvXs5_NtCsfB4bCpaJH6a_17qdrant_datafusion5tableNtB5_19QdrantTableProviderNtNtCsfc3yIixSBpK_18datafusion_catalog5table13TableProvider4scan
FN:153,_RNvXs5_NtCsfB4bCpaJH6a_17qdrant_datafusion5tableNtB5_19QdrantTableProviderNtNtCsfc3yIixSBpK_18datafusion_catalog5table13TableProvider6as_any
FN:155,_RNvXs5_NtCsfB4bCpaJH6a_17qdrant_datafusion5tableNtB5_19QdrantTableProviderNtNtCsfc3yIixSBpK_18datafusion_catalog5table13TableProvider6schema
FNDA:5,_RNCNvMs_NtCs7ZBrOYrjqFP_17qdrant_datafusion5tableNtB6_19QdrantTableProvider7try_new0CskDeV5iZOvh8_3e2e
FNDA:20,_RNvMs1_NtCs7ZBrOYrjqFP_17qdrant_datafusion5tableNtB5_14QdrantScanExec3new
FNDA:5,_RNvMs_NtCs7ZBrOYrjqFP_17qdrant_datafusion5tableNtB4_19QdrantTableProvider7try_new
FNDA:19,_RNvNtCs7ZBrOYrjqFP_17qdrant_datafusion5table25execute_qdrant_table_scan
FNDA:1,_RNvXNtCs7ZBrOYrjqFP_17qdrant_datafusion5tableNtB2_19QdrantTableProviderNtNtCsaNl6UpbT7bw_4core3fmt5Debug3fmt
FNDA:1,_RNvXs0_NtCs7ZBrOYrjqFP_17qdrant_datafusion5tableNtB5_14QdrantScanExecNtNtCsaNl6UpbT7bw_4core3fmt5Debug3fmt
FNDA:607,_RNvXs2_NtCs7ZBrOYrjqFP_17qdrant_datafusion5tableNtB5_14QdrantScanExecNtNtCsbMCmj5unKhw_24datafusion_physical_plan14execution_plan13ExecutionPlan10properties
FNDA:83,_RNvXs2_NtCs7ZBrOYrjqFP_17qdrant_datafusion5tableNtB5_14QdrantScanExecNtNtCsbMCmj5unKhw_24datafusion_physical_plan14execution_plan13ExecutionPlan17with_new_children
FNDA:0,_RNvXs2_NtCs7ZBrOYrjqFP_17qdrant_datafusion5tableNtB5_14QdrantScanExecNtNtCsbMCmj5unKhw_24datafusion_physical_plan14execution_plan13ExecutionPlan4name
FNDA:809,_RNvXs2_NtCs7ZBrOYrjqFP_17qdrant_datafusion5tableNtB5_14QdrantScanExecNtNtCsbMCmj5unKhw_24datafusion_physical_plan14execution_plan13ExecutionPlan6as_any
FNDA:19,_RNvXs2_NtCs7ZBrOYrjqFP_17qdrant_datafusion5tableNtB5_14QdrantScanExecNtNtCsbMCmj5unKhw_24datafusion_physical_plan14execution_plan13ExecutionPlan7execute
FNDA:3238,_RNvXs2_NtCs7ZBrOYrjqFP_17qdrant_datafusion5tableNtB5_14QdrantScanExecNtNtCsbMCmj5unKhw_24datafusion_physical_plan14execution_plan13ExecutionPlan8children
FNDA:2,_RNvXs3_NtCs7ZBrOYrjqFP_17qdrant_datafusion5tableNtB5_14QdrantScanExecNtNtCsbMCmj5unKhw_24datafusion_physical_plan7display9DisplayAs6fmt_as
FNDA:1,_RNvXs5_NtCs7ZBrOYrjqFP_17qdrant_datafusion5tableNtB5_19QdrantTableProviderNtNtCsfc3yIixSBpK_18datafusion_catalog5table13TableProvider10table_type
FNDA:0,_RNvXs5_NtCs7ZBrOYrjqFP_17qdrant_datafusion5tableNtB5_19QdrantTableProviderNtNtCsfc3yIixSBpK_18datafusion_catalog5table13TableProvider11insert_into
FNDA:5,_RNvXs5_NtCs7ZBrOYrjqFP_17qdrant_datafusion5tableNtB5_19QdrantTableProviderNtNtCsfc3yIixSBpK_18datafusion_catalog5table13TableProvider25supports_filters_pushdown
FNDA:20,_RNvXs5_NtCs7ZBrOYrjqFP_17qdrant_datafusion5tableNtB5_19QdrantTableProviderNtNtCsfc3yIixSBpK_18datafusion_catalog5table13TableProvider4scan
FNDA:1,_RNvXs5_NtCs7ZBrOYrjqFP_17qdrant_datafusion5tableNtB5_19QdrantTableProviderNtNtCsfc3yIixSBpK_18datafusion_catalog5table13TableProvider6as_any
FNDA:119,_RNvXs5_NtCs7ZBrOYrjqFP_17qdrant_datafusion5tableNtB5_19QdrantTableProviderNtNtCsfc3yIixSBpK_18datafusion_catalog5table13TableProvider6schema
FNDA:19,_RNCNvNtCs7ZBrOYrjqFP_17qdrant_datafusion5table25execute_qdrant_table_scan0B5_
FNDA:19,_RNCNvXs2_NtCs7ZBrOYrjqFP_17qdrant_datafusion5tableNtB7_14QdrantScanExecNtNtCsbMCmj5unKhw_24datafusion_physical_plan14execution_plan13ExecutionPlan7execute0B9_
FNDA:7,_RNCNvXs5_NtCs7ZBrOYrjqFP_17qdrant_datafusion5tableNtB7_19QdrantTableProviderNtNtCsfc3yIixSBpK_18datafusion_catalog5table13TableProvider25supports_filters_pushdown0B9_
FNDA:0,_RNCNvMs_NtCsfB4bCpaJH6a_17qdrant_datafusion5tableNtB6_19QdrantTableProvider7try_new0B8_
FNDA:0,_RNCNvNtCsfB4bCpaJH6a_17qdrant_datafusion5table25execute_qdrant_table_scan0B5_
FNDA:0,_RNCNvXs2_NtCsfB4bCpaJH6a_17qdrant_datafusion5tableNtB7_14QdrantScanExecNtNtCsbMCmj5unKhw_24datafusion_physical_plan14execution_plan13ExecutionPlan7execute0B9_
FNDA:0,_RNCNvXs5_NtCsfB4bCpaJH6a_17qdrant_datafusion5tableNtB7_19QdrantTableProviderNtNtCsfc3yIixSBpK_18datafusion_catalog5table13TableProvider25supports_filters_pushdown0B9_
FNDA:0,_RNvMs1_NtCsfB4bCpaJH6a_17qdrant_datafusion5tableNtB5_14QdrantScanExec3new
FNDA:0,_RNvMs_NtCsfB4bCpaJH6a_17qdrant_datafusion5tableNtB4_19QdrantTableProvider7try_new
FNDA:0,_RNvNtCsfB4bCpaJH6a_17qdrant_datafusion5table25execute_qdrant_table_scan
FNDA:0,_RNvXNtCsfB4bCpaJH6a_17qdrant_datafusion5tableNtB2_19QdrantTableProviderNtNtCsaNl6UpbT7bw_4core3fmt5Debug3fmt
FNDA:0,_RNvXs0_NtCsfB4bCpaJH6a_17qdrant_datafusion5tableNtB5_14QdrantScanExecNtNtCsaNl6UpbT7bw_4core3fmt5Debug3fmt
FNDA:0,_RNvXs2_NtCsfB4bCpaJH6a_17qdrant_datafusion5tableNtB5_14QdrantScanExecNtNtCsbMCmj5unKhw_24datafusion_physical_plan14execution_plan13ExecutionPlan10properties
FNDA:0,_RNvXs2_NtCsfB4bCpaJH6a_17qdrant_datafusion5tableNtB5_14QdrantScanExecNtNtCsbMCmj5unKhw_24datafusion_physical_plan14execution_plan13ExecutionPlan17with_new_children
FNDA:0,_RNvXs2_NtCsfB4bCpaJH6a_17qdrant_datafusion5tableNtB5_14QdrantScanExecNtNtCsbMCmj5unKhw_24datafusion_physical_plan14execution_plan13ExecutionPlan4name
FNDA:0,_RNvXs2_NtCsfB4bCpaJH6a_17qdrant_datafusion5tableNtB5_14QdrantScanExecNtNtCsbMCmj5unKhw_24datafusion_physical_plan14execution_plan13ExecutionPlan6as_any
FNDA:0,_RNvXs2_NtCsfB4bCpaJH6a_17qdrant_datafusion5tableNtB5_14QdrantScanExecNtNtCsbMCmj5unKhw_24datafusion_physical_plan14execution_plan13ExecutionPlan7execute
FNDA:0,_RNvXs2_NtCsfB4bCpaJH6a_17qdrant_datafusion5tableNtB5_14QdrantScanExecNtNtCsbMCmj5unKhw_24datafusion_physical_plan14execution_plan13ExecutionPlan8children
FNDA:0,_RNvXs3_NtCsfB4bCpaJH6a_17qdrant_datafusion5tableNtB5_14QdrantScanExecNtNtCsbMCmj5unKhw_24datafusion_physical_plan7display9DisplayAs6fmt_as
FNDA:0,_RNvXs5_NtCsfB4bCpaJH6a_17qdrant_datafusion5tableNtB5_19QdrantTableProviderNtNtCsfc3yIixSBpK_18datafusion_catalog5table13TableProvider10table_type
FNDA:0,_RNvXs5_NtCsfB4bCpaJH6a_17qdrant_datafusion5tableNtB5_19QdrantTableProviderNtNtCsfc3yIixSBpK_18datafusion_catalog5table13TableProvider11insert_into
FNDA:0,_RNvXs5_NtCsfB4bCpaJH6a_17qdrant_datafusion5tableNtB5_19QdrantTableProviderNtNtCsfc3yIixSBpK_18datafusion_catalog5table13TableProvider25supports_filters_pushdown
FNDA:0,_RNvXs5_NtCsfB4bCpaJH6a_17qdrant_datafusion5tableNtB5_19QdrantTableProviderNtNtCsfc3yIixSBpK_18datafusion_catalog5table13TableProvider4scan
FNDA:0,_RNvXs5_NtCsfB4bCpaJH6a_17qdrant_datafusion5tableNtB5_19QdrantTableProviderNtNtCsfc3yIixSBpK_18datafusion_catalog5table13TableProvider6as_any
FNDA:0,_RNvXs5_NtCsfB4bCpaJH6a_17qdrant_datafusion5tableNtB5_19QdrantTableProviderNtNtCsfc3yIixSBpK_18datafusion_catalog5table13TableProvider6schema
FNF:22
FNH:20
DA:91,1
DA:92,1
DA:93,1
DA:94,1
DA:95,1
DA:96,1
DA:97,1
DA:134,5
DA:135,5
DA:137,5
DA:138,5
DA:139,5
DA:141,5
DA:142,5
DA:143,5
DA:144,5
DA:145,5
DA:146,5
DA:147,5
DA:148,5
DA:153,1
DA:155,119
DA:157,1
DA:159,5
DA:160,5
DA:161,5
DA:162,5
DA:163,5
DA:164,5
DA:165,7
DA:167,7
DA:170,0
DA:172,0
DA:173,7
DA:174,5
DA:175,5
DA:183,20
DA:198,20
DA:205,0
DA:207,0
DA:235,1
DA:236,1
DA:237,1
DA:238,1
DA:239,1
DA:240,1
DA:241,1
DA:242,1
DA:243,1
DA:244,1
DA:248,20
DA:249,20
DA:250,20
DA:251,20
DA:252,20
DA:253,20
DA:254,20
DA:255,20
DA:256,20
DA:257,20
DA:258,20
DA:259,20
DA:262,20
DA:263,20
DA:270,19
DA:271,19
DA:272,19
DA:273,19
DA:274,19
DA:275,19
DA:276,19
DA:277,19
DA:280,19
DA:281,19
DA:284,19
DA:285,19
DA:286,19
DA:287,19
DA:288,19
DA:289,19
DA:290,19
DA:293,19
DA:295,19
DA:296,0
DA:297,19
DA:300,19
DA:303,69
DA:304,50
DA:305,50
DA:307,19
DA:308,19
DA:311,0
DA:313,809
DA:315,607
DA:317,3238
DA:319,83
DA:320,83
DA:321,83
DA:322,83
DA:323,83
DA:324,83
DA:326,19
DA:327,19
DA:328,19
DA:329,19
DA:330,19
DA:331,19
DA:332,19
DA:333,19
DA:334,19
DA:335,19
DA:336,19
DA:337,19
DA:338,19
DA:339,19
DA:340,19
DA:341,19
DA:345,2
DA:346,2
DA:348,1
DA:349,1
DA:350,0
DA:351,1
DA:352,1
DA:355,1
DA:358,2
BRF:0
BRH:0
LF:130
LH:123
end_of_record
SF:/Users/georgepatterson/projects/georgeleepatterson/qdrant-datafusion/src/test_utils.rs
FN:113,_RNCNCNvMNtCs7ZBrOYrjqFP_17qdrant_datafusion10test_utilsNtB6_15QdrantContainer7try_new00CskDeV5iZOvh8_3e2e
FN:117,_RNCNCNvMNtCs7ZBrOYrjqFP_17qdrant_datafusion10test_utilsNtB6_15QdrantContainer7try_new0s_0CskDeV5iZOvh8_3e2e
FN:172,_RNCNCNvMNtCs7ZBrOYrjqFP_17qdrant_datafusion10test_utilsNtB6_15QdrantContainer8shutdown00CskDeV5iZOvh8_3e2e
FN:179,_RNCNCNvMNtCs7ZBrOYrjqFP_17qdrant_datafusion10test_utilsNtB6_15QdrantContainer8shutdown0s_0CskDeV5iZOvh8_3e2e
FN:108,_RNCNvMNtCs7ZBrOYrjqFP_17qdrant_datafusion10test_utilsNtB4_15QdrantContainer7try_new0CskDeV5iZOvh8_3e2e
FN:166,_RNCNvMNtCs7ZBrOYrjqFP_17qdrant_datafusion10test_utilsNtB4_15QdrantContainer8shutdown0CskDeV5iZOvh8_3e2e
FN:93,_RNCNvNtCs7ZBrOYrjqFP_17qdrant_datafusion10test_utils16create_container0CskDeV5iZOvh8_3e2e
FN:163,_RNvMNtCs7ZBrOYrjqFP_17qdrant_datafusion10test_utilsNtB2_15QdrantContainer11get_api_key
FN:161,_RNvMNtCs7ZBrOYrjqFP_17qdrant_datafusion10test_utilsNtB2_15QdrantContainer7get_url
FN:108,_RNvMNtCs7ZBrOYrjqFP_17qdrant_datafusion10test_utilsNtB2_15QdrantContainer7try_new
FN:166,_RNvMNtCs7ZBrOYrjqFP_17qdrant_datafusion10test_utilsNtB2_15QdrantContainer8shutdown
FN:55,_RNvNtCs7ZBrOYrjqFP_17qdrant_datafusion10test_utils10get_filter
FN:34,_RNvNtCs7ZBrOYrjqFP_17qdrant_datafusion10test_utils12init_tracing
FN:93,_RNvNtCs7ZBrOYrjqFP_17qdrant_datafusion10test_utils16create_container
FN:63,_RNCNvNtCs7ZBrOYrjqFP_17qdrant_datafusion10test_utils10get_filter0B5_
FN:66,_RNCNvNtCs7ZBrOYrjqFP_17qdrant_datafusion10test_utils10get_filters0_0B5_
FN:67,_RNCNvNtCs7ZBrOYrjqFP_17qdrant_datafusion10test_utils10get_filters1_0B5_
FN:65,_RNCNvNtCs7ZBrOYrjqFP_17qdrant_datafusion10test_utils10get_filters_0B5_
FN:113,_RNCNCNvMNtCsfB4bCpaJH6a_17qdrant_datafusion10test_utilsNtB6_15QdrantContainer7try_new00B8_
FN:117,_RNCNCNvMNtCsfB4bCpaJH6a_17qdrant_datafusion10test_utilsNtB6_15QdrantContainer7try_new0s_0B8_
FN:172,_RNCNCNvMNtCsfB4bCpaJH6a_17qdrant_datafusion10test_utilsNtB6_15QdrantContainer8shutdown00B8_
FN:179,_RNCNCNvMNtCsfB4bCpaJH6a_17qdrant_datafusion10test_utilsNtB6_15QdrantContainer8shutdown0s_0B8_
FN:108,_RNCNvMNtCsfB4bCpaJH6a_17qdrant_datafusion10test_utilsNtB4_15QdrantContainer7try_new0B6_
FN:166,_RNCNvMNtCsfB4bCpaJH6a_17qdrant_datafusion10test_utilsNtB4_15QdrantContainer8shutdown0B6_
FN:63,_RNCNvNtCsfB4bCpaJH6a_17qdrant_datafusion10test_utils10get_filter0B5_
FN:66,_RNCNvNtCsfB4bCpaJH6a_17qdrant_datafusion10test_utils10get_filters0_0B5_
FN:67,_RNCNvNtCsfB4bCpaJH6a_17qdrant_datafusion10test_utils10get_filters1_0B5_
FN:65,_RNCNvNtCsfB4bCpaJH6a_17qdrant_datafusion10test_utils10get_filters_0B5_
FN:93,_RNCNvNtCsfB4bCpaJH6a_17qdrant_datafusion10test_utils16create_container0B5_
FN:163,_RNvMNtCsfB4bCpaJH6a_17qdrant_datafusion10test_utilsNtB2_15QdrantContainer11get_api_key
FN:161,_RNvMNtCsfB4bCpaJH6a_17qdrant_datafusion10test_utilsNtB2_15QdrantContainer7get_url
FN:108,_RNvMNtCsfB4bCpaJH6a_17qdrant_datafusion10test_utilsNtB2_15QdrantContainer7try_new
FN:166,_RNvMNtCsfB4bCpaJH6a_17qdrant_datafusion10test_utilsNtB2_15QdrantContainer8shutdown
FN:55,_RNvNtCsfB4bCpaJH6a_17qdrant_datafusion10test_utils10get_filter
FN:34,_RNvNtCsfB4bCpaJH6a_17qdrant_datafusion10test_utils12init_tracing
FN:93,_RNvNtCsfB4bCpaJH6a_17qdrant_datafusion10test_utils16create_container
FNDA:0,_RNCNCNvMNtCs7ZBrOYrjqFP_17qdrant_datafusion10test_utilsNtB6_15QdrantContainer7try_new00CskDeV5iZOvh8_3e2e
FNDA:0,_RNCNCNvMNtCs7ZBrOYrjqFP_17qdrant_datafusion10test_utilsNtB6_15QdrantContainer7try_new0s_0CskDeV5iZOvh8_3e2e
FNDA:0,_RNCNCNvMNtCs7ZBrOYrjqFP_17qdrant_datafusion10test_utilsNtB6_15QdrantContainer8shutdown00CskDeV5iZOvh8_3e2e
FNDA:0,_RNCNCNvMNtCs7ZBrOYrjqFP_17qdrant_datafusion10test_utilsNtB6_15QdrantContainer8shutdown0s_0CskDeV5iZOvh8_3e2e
FNDA:4,_RNCNvMNtCs7ZBrOYrjqFP_17qdrant_datafusion10test_utilsNtB4_15QdrantContainer7try_new0CskDeV5iZOvh8_3e2e
FNDA:4,_RNCNvMNtCs7ZBrOYrjqFP_17qdrant_datafusion10test_utilsNtB4_15QdrantContainer8shutdown0CskDeV5iZOvh8_3e2e
FNDA:4,_RNCNvNtCs7ZBrOYrjqFP_17qdrant_datafusion10test_utils16create_container0CskDeV5iZOvh8_3e2e
FNDA:4,_RNvMNtCs7ZBrOYrjqFP_17qdrant_datafusion10test_utilsNtB2_15QdrantContainer11get_api_key
FNDA:4,_RNvMNtCs7ZBrOYrjqFP_17qdrant_datafusion10test_utilsNtB2_15QdrantContainer7get_url
FNDA:4,_RNvMNtCs7ZBrOYrjqFP_17qdrant_datafusion10test_utilsNtB2_15QdrantContainer7try_new
FNDA:4,_RNvMNtCs7ZBrOYrjqFP_17qdrant_datafusion10test_utilsNtB2_15QdrantContainer8shutdown
FNDA:4,_RNvNtCs7ZBrOYrjqFP_17qdrant_datafusion10test_utils10get_filter
FNDA:4,_RNvNtCs7ZBrOYrjqFP_17qdrant_datafusion10test_utils12init_tracing
FNDA:4,_RNvNtCs7ZBrOYrjqFP_17qdrant_datafusion10test_utils16create_container
FNDA:0,_RNCNvNtCs7ZBrOYrjqFP_17qdrant_datafusion10test_utils10get_filter0B5_
FNDA:0,_RNCNvNtCs7ZBrOYrjqFP_17qdrant_datafusion10test_utils10get_filters0_0B5_
FNDA:0,_RNCNvNtCs7ZBrOYrjqFP_17qdrant_datafusion10test_utils10get_filters1_0B5_
FNDA:0,_RNCNvNtCs7ZBrOYrjqFP_17qdrant_datafusion10test_utils10get_filters_0B5_
FNDA:0,_RNCNCNvMNtCsfB4bCpaJH6a_17qdrant_datafusion10test_utilsNtB6_15QdrantContainer7try_new00B8_
FNDA:0,_RNCNCNvMNtCsfB4bCpaJH6a_17qdrant_datafusion10test_utilsNtB6_15QdrantContainer7try_new0s_0B8_
FNDA:0,_RNCNCNvMNtCsfB4bCpaJH6a_17qdrant_datafusion10test_utilsNtB6_15QdrantContainer8shutdown00B8_
FNDA:0,_RNCNCNvMNtCsfB4bCpaJH6a_17qdrant_datafusion10test_utilsNtB6_15QdrantContainer8shutdown0s_0B8_
FNDA:0,_RNCNvMNtCsfB4bCpaJH6a_17qdrant_datafusion10test_utilsNtB4_15QdrantContainer7try_new0B6_
FNDA:0,_RNCNvMNtCsfB4bCpaJH6a_17qdrant_datafusion10test_utilsNtB4_15QdrantContainer8shutdown0B6_
FNDA:0,_RNCNvNtCsfB4bCpaJH6a_17qdrant_datafusion10test_utils10get_filter0B5_
FNDA:0,_RNCNvNtCsfB4bCpaJH6a_17qdrant_datafusion10test_utils10get_filters0_0B5_
FNDA:0,_RNCNvNtCsfB4bCpaJH6a_17qdrant_datafusion10test_utils10get_filters1_0B5_
FNDA:0,_RNCNvNtCsfB4bCpaJH6a_17qdrant_datafusion10test_utils10get_filters_0B5_
FNDA:0,_RNCNvNtCsfB4bCpaJH6a_17qdrant_datafusion10test_utils16create_container0B5_
FNDA:0,_RNvMNtCsfB4bCpaJH6a_17qdrant_datafusion10test_utilsNtB2_15QdrantContainer11get_api_key
FNDA:0,_RNvMNtCsfB4bCpaJH6a_17qdrant_datafusion10test_utilsNtB2_15QdrantContainer7get_url
FNDA:0,_RNvMNtCsfB4bCpaJH6a_17qdrant_datafusion10test_utilsNtB2_15QdrantContainer7try_new
FNDA:0,_RNvMNtCsfB4bCpaJH6a_17qdrant_datafusion10test_utilsNtB2_15QdrantContainer8shutdown
FNDA:0,_RNvNtCsfB4bCpaJH6a_17qdrant_datafusion10test_utils10get_filter
FNDA:0,_RNvNtCsfB4bCpaJH6a_17qdrant_datafusion10test_utils12init_tracing
FNDA:0,_RNvNtCsfB4bCpaJH6a_17qdrant_datafusion10test_utils16create_container
FNF:18
FNH:10
DA:34,4
DA:35,4
DA:37,4
DA:38,4
DA:39,4
DA:40,4
DA:41,4
DA:44,4
DA:45,4
DA:47,1
DA:48,3
DA:49,4
DA:55,4
DA:56,4
DA:57,4
DA:58,4
DA:59,0
DA:60,0
DA:62,0
DA:63,0
DA:64,0
DA:65,0
DA:66,0
DA:67,0
DA:68,0
DA:69,0
DA:72,4
DA:73,4
DA:74,4
DA:75,4
DA:76,4
DA:78,4
DA:79,16
DA:80,12
DA:81,12
DA:82,0
DA:84,4
DA:85,0
DA:86,0
DA:88,4
DA:89,4
DA:93,4
DA:94,4
DA:95,4
DA:96,4
DA:108,4
DA:110,4
DA:111,4
DA:112,4
DA:113,4
DA:114,4
DA:115,4
DA:116,4
DA:117,4
DA:118,4
DA:119,4
DA:122,4
DA:123,4
DA:124,4
DA:125,4
DA:126,4
DA:127,4
DA:128,4
DA:129,4
DA:130,4
DA:131,4
DA:133,4
DA:139,4
DA:142,4
DA:143,4
DA:146,4
DA:149,4
DA:151,4
DA:152,4
DA:153,4
DA:154,4
DA:155,4
DA:156,4
DA:157,4
DA:158,4
DA:159,4
DA:161,4
DA:163,4
DA:166,4
DA:167,4
DA:168,4
DA:169,4
DA:170,4
DA:171,4
DA:172,4
DA:173,0
DA:174,0
DA:175,4
DA:176,4
DA:177,4
DA:178,4
DA:179,4
DA:180,0
DA:181,0
DA:182,4
DA:183,0
DA:184,4
DA:185,4
BRF:0
BRH:0
LF:114
LH:88
end_of_record
SF:/Users/georgepatterson/projects/georgeleepatterson/qdrant-datafusion/src/udfs.rs
FN:13,_RNvNtCs7ZBrOYrjqFP_17qdrant_datafusion4udfs18register_json_udfs
FN:13,_RNvNtCsfB4bCpaJH6a_17qdrant_datafusion4udfs18register_json_udfs
FNDA:1,_RNvNtCs7ZBrOYrjqFP_17qdrant_datafusion4udfs18register_json_udfs
FNDA:0,_RNvNtCsfB4bCpaJH6a_17qdrant_datafusion4udfs18register_json_udfs
FNF:1
FNH:1
DA:13,1
DA:14,1
DA:15,1
DA:16,1
BRF:0
BRH:0
LF:4
LH:4
end_of_record
SF:/Users/georgepatterson/projects/georgeleepatterson/qdrant-datafusion/src/utils.rs
FN:43,_RNvNtCs7ZBrOYrjqFP_17qdrant_datafusion5utils33build_vector_selector_from_schema
FN:108,_RNvNtCs7ZBrOYrjqFP_17qdrant_datafusion5utils34build_payload_selector_from_schema
FN:51,_RNCNCNvNtCs7ZBrOYrjqFP_17qdrant_datafusion5utils33build_vector_selector_from_schemas_00B7_
FN:50,_RNCNvNtCs7ZBrOYrjqFP_17qdrant_datafusion5utils33build_vector_selector_from_schema0B5_
FN:52,_RNCNvNtCs7ZBrOYrjqFP_17qdrant_datafusion5utils33build_vector_selector_from_schemas0_0B5_
FN:53,_RNCNvNtCs7ZBrOYrjqFP_17qdrant_datafusion5utils33build_vector_selector_from_schemas1_0B5_
FN:51,_RNCNvNtCs7ZBrOYrjqFP_17qdrant_datafusion5utils33build_vector_selector_from_schemas_0B5_
FN:109,_RNCNvNtCs7ZBrOYrjqFP_17qdrant_datafusion5utils34build_payload_selector_from_schema0B5_
FN:51,_RNCNCNvNtCsfB4bCpaJH6a_17qdrant_datafusion5utils33build_vector_selector_from_schemas_00B7_
FN:50,_RNCNvNtCsfB4bCpaJH6a_17qdrant_datafusion5utils33build_vector_selector_from_schema0B5_
FN:52,_RNCNvNtCsfB4bCpaJH6a_17qdrant_datafusion5utils33build_vector_selector_from_schemas0_0B5_
FN:53,_RNCNvNtCsfB4bCpaJH6a_17qdrant_datafusion5utils33build_vector_selector_from_schemas1_0B5_
FN:51,_RNCNvNtCsfB4bCpaJH6a_17qdrant_datafusion5utils33build_vector_selector_from_schemas_0B5_
FN:109,_RNCNvNtCsfB4bCpaJH6a_17qdrant_datafusion5utils34build_payload_selector_from_schema0B5_
FN:43,_RNvNtCsfB4bCpaJH6a_17qdrant_datafusion5utils33build_vector_selector_from_schema
FN:108,_RNvNtCsfB4bCpaJH6a_17qdrant_datafusion5utils34build_payload_selector_from_schema
FNDA:19,_RNvNtCs7ZBrOYrjqFP_17qdrant_datafusion5utils33build_vector_selector_from_schema
FNDA:19,_RNvNtCs7ZBrOYrjqFP_17qdrant_datafusion5utils34build_payload_selector_from_schema
FNDA:0,_RNCNCNvNtCs7ZBrOYrjqFP_17qdrant_datafusion5utils33build_vector_selector_from_schemas_00B7_
FNDA:38,_RNCNvNtCs7ZBrOYrjqFP_17qdrant_datafusion5utils33build_vector_selector_from_schema0B5_
FNDA:19,_RNCNvNtCs7ZBrOYrjqFP_17qdrant_datafusion5utils33build_vector_selector_from_schemas0_0B5_
FNDA:19,_RNCNvNtCs7ZBrOYrjqFP_17qdrant_datafusion5utils33build_vector_selector_from_schemas1_0B5_
FNDA:19,_RNCNvNtCs7ZBrOYrjqFP_17qdrant_datafusion5utils33build_vector_selector_from_schemas_0B5_
FNDA:28,_RNCNvNtCs7ZBrOYrjqFP_17qdrant_datafusion5utils34build_payload_selector_from_schema0B5_
FNDA:0,_RNCNCNvNtCsfB4bCpaJH6a_17qdrant_datafusion5utils33build_vector_selector_from_schemas_00B7_
FNDA:0,_RNCNvNtCsfB4bCpaJH6a_17qdrant_datafusion5utils33build_vector_selector_from_schema0B5_
FNDA:0,_RNCNvNtCsfB4bCpaJH6a_17qdrant_datafusion5utils33build_vector_selector_from_schemas0_0B5_
FNDA:0,_RNCNvNtCsfB4bCpaJH6a_17qdrant_datafusion5utils33build_vector_selector_from_schemas1_0B5_
FNDA:0,_RNCNvNtCsfB4bCpaJH6a_17qdrant_datafusion5utils33build_vector_selector_from_schemas_0B5_
FNDA:0,_RNCNvNtCsfB4bCpaJH6a_17qdrant_datafusion5utils34build_payload_selector_from_schema0B5_
FNDA:0,_RNvNtCsfB4bCpaJH6a_17qdrant_datafusion5utils33build_vector_selector_from_schema
FNDA:0,_RNvNtCsfB4bCpaJH6a_17qdrant_datafusion5utils34build_payload_selector_from_schema
FNF:8
FNH:7
DA:43,19
DA:44,19
DA:45,19
DA:46,19
DA:47,19
DA:48,19
DA:49,19
DA:50,38
DA:51,19
DA:52,19
DA:53,19
DA:54,19
DA:56,5
DA:58,14
DA:60,19
DA:61,19
DA:63,19
DA:64,9
DA:65,10
DA:67,10
DA:68,10
DA:70,4
DA:73,6
DA:74,6
DA:75,6
DA:77,19
DA:108,19
DA:109,28
DA:110,19
BRF:0
BRH:0
LF:35
LH:34
end_of_record